<?xml version="1.0" encoding="UTF-8"?>
<coverage generated="1472041283460" clover="3.2.0">
	<project timestamp="1472041283461"  name="All Files" >
		<metrics statements="7"  coveredstatements="5"  conditionals="31"  coveredconditionals="14"  methods="10"  coveredmethods="6"  elements="48"  coveredelements="25"  complexity="0"  packages="1"  files="1"  classes="1"  loc="25"  ncloc="25" />
		<package name="src" >
			<metrics statements="7"  coveredstatements="5"  conditionals="31"  coveredconditionals="14"  methods="10"  coveredmethods="6" />
			<file name="Tilex.js"  path="/Users/sourabh.j/git/gor.butler.ui.managerdashboard/src/Tilex.js" >
				<metrics statements="7"  coveredstatements="5"  conditionals="31"  coveredconditionals="14"  methods="10"  coveredmethods="6" />
				<line num="1"  count="1"  type="stmt" />
				<line num="2"  count="2"  type="stmt" />
				<line num="3"  count="1"  type="stmt" />
				<line num="5"  count="0"  type="stmt" />
				<line num="7"  count="1"  type="stmt" />
				<line num="9"  count="0"  type="stmt" />
				<line num="25"  count="1"  type="stmt" />
			</file>
		</package>
	</project>
</coverage>
