{
"/Users/sourabh.j/git/gor.butler.ui.managerdashboard/src/Tilex.js":{"path":"/Users/sourabh.j/git/gor.butler.ui.managerdashboard/src/Tilex.js","statementMap":{"1":{"start":{"line":1,"column":39},"end":{"line":1,"column":101}},"2":{"start":{"line":1,"column":120},"end":{"line":1,"column":649}},"3":{"start":{"line":1,"column":175},"end":{"line":1,"column":440}},"4":{"start":{"line":1,"column":232},"end":{"line":1,"column":240}},"5":{"start":{"line":1,"column":241},"end":{"line":1,"column":296}},"6":{"start":{"line":1,"column":296},"end":{"line":1,"column":327}},"7":{"start":{"line":1,"column":327},"end":{"line":1,"column":381}},"8":{"start":{"line":1,"column":354},"end":{"line":1,"column":381}},"9":{"start":{"line":1,"column":381},"end":{"line":1,"column":439}},"10":{"start":{"line":1,"column":441},"end":{"line":1,"column":646}},"11":{"start":{"line":1,"column":497},"end":{"line":1,"column":565}},"12":{"start":{"line":1,"column":513},"end":{"line":1,"column":565}},"13":{"start":{"line":1,"column":565},"end":{"line":1,"column":625}},"14":{"start":{"line":1,"column":582},"end":{"line":1,"column":625}},"15":{"start":{"line":1,"column":625},"end":{"line":1,"column":644}},"16":{"start":{"line":2,"column":179},"end":{"line":2,"column":233}},"17":{"start":{"line":2,"column":283},"end":{"line":2,"column":382}},"18":{"start":{"line":2,"column":324},"end":{"line":2,"column":381}},"19":{"start":{"line":2,"column":432},"end":{"line":2,"column":531}},"20":{"start":{"line":2,"column":444},"end":{"line":2,"column":530}},"21":{"start":{"line":2,"column":531},"end":{"line":2,"column":617}},"22":{"start":{"line":2,"column":660},"end":{"line":2,"column":823}},"23":{"start":{"line":2,"column":722},"end":{"line":2,"column":822}},"24":{"start":{"line":2,"column":823},"end":{"line":2,"column":987}},"25":{"start":{"line":2,"column":987},"end":{"line":2,"column":1105}},"26":{"start":{"line":2,"column":1003},"end":{"line":2,"column":1105}},"27":{"start":{"line":3,"column":8},"end":{"line":25,"column":76}},"28":{"start":{"line":3,"column":37},"end":{"line":3,"column":72}},"29":{"start":{"line":5,"column":57},"end":{"line":6,"column":10}},"30":{"start":{"line":7,"column":2},"end":{"line":25,"column":8}},"31":{"start":{"line":9,"column":3},"end":{"line":21,"column":191}},"32":{"start":{"line":25,"column":8},"end":{"line":25,"column":21}}},"fnMap":{"1":{"name":"(anonymous_1)","decl":{"start":{"line":1,"column":120},"end":{"line":1,"column":121}},"loc":{"start":{"line":1,"column":132},"end":{"line":1,"column":647}}},"2":{"name":"defineProperties","decl":{"start":{"line":1,"column":142},"end":{"line":1,"column":158}},"loc":{"start":{"line":1,"column":174},"end":{"line":1,"column":441}}},"3":{"name":"(anonymous_3)","decl":{"start":{"line":1,"column":448},"end":{"line":1,"column":449}},"loc":{"start":{"line":1,"column":496},"end":{"line":1,"column":645}}},"4":{"name":"_interopRequireDefault","decl":{"start":{"line":2,"column":150},"end":{"line":2,"column":172}},"loc":{"start":{"line":2,"column":178},"end":{"line":2,"column":234}}},"5":{"name":"_classCallCheck","decl":{"start":{"line":2,"column":243},"end":{"line":2,"column":258}},"loc":{"start":{"line":2,"column":282},"end":{"line":2,"column":383}}},"6":{"name":"_possibleConstructorReturn","decl":{"start":{"line":2,"column":392},"end":{"line":2,"column":418}},"loc":{"start":{"line":2,"column":431},"end":{"line":2,"column":618}}},"7":{"name":"_inherits","decl":{"start":{"line":2,"column":627},"end":{"line":2,"column":636}},"loc":{"start":{"line":2,"column":659},"end":{"line":2,"column":1106}}},"8":{"name":"(anonymous_8)","decl":{"start":{"line":3,"column":8},"end":{"line":3,"column":9}},"loc":{"start":{"line":3,"column":36},"end":{"line":25,"column":22}}},"9":{"name":"Tilex","decl":{"start":{"line":4,"column":36},"end":{"line":4,"column":41}},"loc":{"start":{"line":5,"column":1},"end":{"line":7,"column":2}}},"10":{"name":"render","decl":{"start":{"line":7,"column":56},"end":{"line":7,"column":62}},"loc":{"start":{"line":8,"column":2},"end":{"line":25,"column":3}}}},"branchMap":{"1":{"loc":{"start":{"line":1,"column":265},"end":{"line":1,"column":295}},"type":"binary-expr","locations":[{"start":{"line":1,"column":265},"end":{"line":1,"column":286}},{"start":{"line":1,"column":290},"end":{"line":1,"column":295}}]},"2":{"loc":{"start":{"line":1,"column":327},"end":{"line":1,"column":381}},"type":"if","locations":[{"start":{"line":1,"column":327},"end":{"line":1,"column":381}},{"start":{"line":1,"column":327},"end":{"line":1,"column":381}}]},"3":{"loc":{"start":{"line":1,"column":497},"end":{"line":1,"column":565}},"type":"if","locations":[{"start":{"line":1,"column":497},"end":{"line":1,"column":565}},{"start":{"line":1,"column":497},"end":{"line":1,"column":565}}]},"4":{"loc":{"start":{"line":1,"column":565},"end":{"line":1,"column":625}},"type":"if","locations":[{"start":{"line":1,"column":565},"end":{"line":1,"column":625}},{"start":{"line":1,"column":565},"end":{"line":1,"column":625}}]},"5":{"loc":{"start":{"line":2,"column":186},"end":{"line":2,"column":232}},"type":"cond-expr","locations":[{"start":{"line":2,"column":210},"end":{"line":2,"column":213}},{"start":{"line":2,"column":216},"end":{"line":2,"column":232}}]},"6":{"loc":{"start":{"line":2,"column":186},"end":{"line":2,"column":207}},"type":"binary-expr","locations":[{"start":{"line":2,"column":186},"end":{"line":2,"column":189}},{"start":{"line":2,"column":193},"end":{"line":2,"column":207}}]},"7":{"loc":{"start":{"line":2,"column":283},"end":{"line":2,"column":382}},"type":"if","locations":[{"start":{"line":2,"column":283},"end":{"line":2,"column":382}},{"start":{"line":2,"column":283},"end":{"line":2,"column":382}}]},"8":{"loc":{"start":{"line":2,"column":432},"end":{"line":2,"column":531}},"type":"if","locations":[{"start":{"line":2,"column":432},"end":{"line":2,"column":531}},{"start":{"line":2,"column":432},"end":{"line":2,"column":531}}]},"9":{"loc":{"start":{"line":2,"column":538},"end":{"line":2,"column":616}},"type":"cond-expr","locations":[{"start":{"line":2,"column":605},"end":{"line":2,"column":609}},{"start":{"line":2,"column":612},"end":{"line":2,"column":616}}]},"10":{"loc":{"start":{"line":2,"column":538},"end":{"line":2,"column":602}},"type":"binary-expr","locations":[{"start":{"line":2,"column":538},"end":{"line":2,"column":542}},{"start":{"line":2,"column":547},"end":{"line":2,"column":571}},{"start":{"line":2,"column":575},"end":{"line":2,"column":601}}]},"11":{"loc":{"start":{"line":2,"column":660},"end":{"line":2,"column":823}},"type":"if","locations":[{"start":{"line":2,"column":660},"end":{"line":2,"column":823}},{"start":{"line":2,"column":660},"end":{"line":2,"column":823}}]},"12":{"loc":{"start":{"line":2,"column":664},"end":{"line":2,"column":719}},"type":"binary-expr","locations":[{"start":{"line":2,"column":664},"end":{"line":2,"column":696}},{"start":{"line":2,"column":700},"end":{"line":2,"column":719}}]},"13":{"loc":{"start":{"line":2,"column":858},"end":{"line":2,"column":892}},"type":"binary-expr","locations":[{"start":{"line":2,"column":858},"end":{"line":2,"column":868}},{"start":{"line":2,"column":872},"end":{"line":2,"column":892}}]},"14":{"loc":{"start":{"line":2,"column":987},"end":{"line":2,"column":1105}},"type":"if","locations":[{"start":{"line":2,"column":987},"end":{"line":2,"column":1105}},{"start":{"line":2,"column":987},"end":{"line":2,"column":1105}}]},"15":{"loc":{"start":{"line":2,"column":1003},"end":{"line":2,"column":1104}},"type":"cond-expr","locations":[{"start":{"line":2,"column":1027},"end":{"line":2,"column":1070}},{"start":{"line":2,"column":1073},"end":{"line":2,"column":1104}}]}},"s":{"1":1,"2":1,"3":1,"4":1,"5":1,"6":1,"7":1,"8":1,"9":1,"10":1,"11":1,"12":1,"13":1,"14":0,"15":1,"16":2,"17":1,"18":0,"19":1,"20":0,"21":1,"22":1,"23":0,"24":1,"25":1,"26":1,"27":1,"28":1,"29":1,"30":1,"31":1,"32":1},"f":{"1":1,"2":1,"3":1,"4":2,"5":1,"6":1,"7":1,"8":1,"9":1,"10":1},"b":{"1":[1,1],"2":[1,0],"3":[1,0],"4":[0,1],"5":[0,2],"6":[2,2],"7":[0,1],"8":[0,1],"9":[0,1],"10":[1,0,0],"11":[0,1],"12":[1,0],"13":[1,1],"14":[1,0],"15":[1,0]},"hash":"b24ae42c23aca8a3edf3c7f3559a5aec398065ff","l":{"1":1,"2":2,"3":1,"5":1,"7":1,"9":1,"25":1}}}
