TN:
SF:/usr/local/projects/gor.butler.ui.managerdashboard/src/App.js
FN:26,(anonymous_0)
FN:32,(anonymous_1)
FN:41,(anonymous_2)
FN:53,(anonymous_3)
FN:71,(anonymous_4)
FN:80,(anonymous_5)
FN:143,(anonymous_6)
FN:168,mapStateToProps
FN:189,mapDispatchToProps
FN:191,initWebSocket
FN:192,sendAuthToSocket
FN:193,initDataSentCall
FN:194,initMockData
FN:195,prevTabSelected
FN:196,getTimeOffSetData
FN:197,setTimeOffSetData
FN:198,endConnect
FN:199,userLogout
FN:200,notifyInfo
FN:201,updateSubscriptionPacket
FN:202,userRequest
FNF:21
FNH:0
FNDA:0,(anonymous_0)
FNDA:0,(anonymous_1)
FNDA:0,(anonymous_2)
FNDA:0,(anonymous_3)
FNDA:0,(anonymous_4)
FNDA:0,(anonymous_5)
FNDA:0,(anonymous_6)
FNDA:0,mapStateToProps
FNDA:0,mapDispatchToProps
FNDA:0,initWebSocket
FNDA:0,sendAuthToSocket
FNDA:0,initDataSentCall
FNDA:0,initMockData
FNDA:0,prevTabSelected
FNDA:0,getTimeOffSetData
FNDA:0,setTimeOffSetData
FNDA:0,endConnect
FNDA:0,userLogout
FNDA:0,notifyInfo
FNDA:0,updateSubscriptionPacket
FNDA:0,userRequest
DA:1,0
DA:28,0
DA:29,0
DA:33,0
DA:34,0
DA:37,0
DA:38,0
DA:42,0
DA:51,0
DA:54,0
DA:55,0
DA:56,0
DA:61,0
DA:64,0
DA:67,0
DA:68,0
DA:71,0
DA:72,0
DA:73,0
DA:74,0
DA:75,0
DA:87,0
DA:88,0
DA:89,0
DA:100,0
DA:102,0
DA:103,0
DA:104,0
DA:107,0
DA:108,0
DA:112,0
DA:115,0
DA:116,0
DA:117,0
DA:118,0
DA:120,0
DA:122,0
DA:123,0
DA:129,0
DA:132,0
DA:134,0
DA:136,0
DA:144,0
DA:160,0
DA:169,0
DA:190,0
DA:191,0
DA:192,0
DA:193,0
DA:194,0
DA:195,0
DA:196,0
DA:197,0
DA:198,0
DA:199,0
DA:200,0
DA:201,0
DA:203,0
LF:58
LH:0
BRDA:33,0,0,0
BRDA:33,0,1,0
BRDA:55,1,0,0
BRDA:55,1,1,0
BRDA:67,2,0,0
BRDA:67,2,1,0
BRDA:102,3,0,0
BRDA:102,3,1,0
BRDA:107,4,0,0
BRDA:107,4,1,0
BRDA:108,5,0,0
BRDA:108,5,1,0
BRDA:115,6,0,0
BRDA:115,6,1,0
BRDA:116,7,0,0
BRDA:116,7,1,0
BRDA:122,8,0,0
BRDA:122,8,1,0
BRDA:132,9,0,0
BRDA:132,9,1,0
BRDA:134,10,0,0
BRDA:136,11,0,0
BRDA:136,11,1,0
BRDA:136,12,0,0
BRDA:136,12,1,0
BRDA:180,13,0,0
BRDA:181,14,0,0
BRDA:181,14,1,0
BRF:28
BRH:0
end_of_record
TN:
SF:/usr/local/projects/gor.butler.ui.managerdashboard/src/index.js
FNF:0
FNH:0
DA:1,0
DA:29,0
DA:30,0
LF:3
LH:0
BRF:0
BRH:0
end_of_record
TN:
SF:/usr/local/projects/gor.butler.ui.managerdashboard/src/reducers.js
FNF:0
FNH:0
DA:1,0
DA:52,0
LF:2
LH:0
BRF:0
BRH:0
end_of_record
TN:
SF:/usr/local/projects/gor.butler.ui.managerdashboard/src/store.js
FN:10,_interopRequireDefault
FN:11,configureStore
FNF:2
FNH:0
FNDA:0,_interopRequireDefault
FNDA:0,configureStore
DA:1,0
DA:10,0
DA:11,0
LF:3
LH:0
BRDA:10,0,0,0
BRDA:10,0,1,0
BRDA:10,1,0,0
BRDA:10,1,1,0
BRF:4
BRH:0
end_of_record
TN:
SF:/usr/local/projects/gor.butler.ui.managerdashboard/src/actions/ajaxActions.js
FN:5,makeAjaxCall
FNF:1
FNH:0
FNDA:0,makeAjaxCall
DA:1,0
DA:6,0
LF:2
LH:0
BRF:0
BRH:0
end_of_record
TN:
SF:/usr/local/projects/gor.butler.ui.managerdashboard/src/actions/auditActions.js
FN:110,getAuditData
FN:110,recieveAuditData
FN:110,setAuditType
FN:110,resetAuditType
FN:110,getPPSAudit
FN:110,setAuditRefresh
FN:110,setAuditSpinner
FN:110,getAuditOrderLines
FN:110,setPendingAuditLines
FN:110,resolveAuditLines
FN:110,auditValidatedAttributes
FN:111,setTextBoxStatus
FN:111,auditListRefreshed
FN:111,cancelAudit
FN:111,setAuditQuery
FNF:15
FNH:0
FNDA:0,getAuditData
FNDA:0,recieveAuditData
FNDA:0,setAuditType
FNDA:0,resetAuditType
FNDA:0,getPPSAudit
FNDA:0,setAuditRefresh
FNDA:0,setAuditSpinner
FNDA:0,getAuditOrderLines
FNDA:0,setPendingAuditLines
FNDA:0,resolveAuditLines
FNDA:0,auditValidatedAttributes
FNDA:0,setTextBoxStatus
FNDA:0,auditListRefreshed
FNDA:0,cancelAudit
FNDA:0,setAuditQuery
DA:1,0
DA:110,0
DA:111,0
LF:3
LH:0
BRF:0
BRH:0
end_of_record
TN:
SF:/usr/local/projects/gor.butler.ui.managerdashboard/src/actions/downloadReportsActions.js
FN:15,recieveReportsData
FN:15,getReport
FN:15,setDownloadReportSpinner
FNF:3
FNH:0
FNDA:0,recieveReportsData
FNDA:0,getReport
FNDA:0,setDownloadReportSpinner
DA:1,0
DA:15,0
DA:16,0
LF:3
LH:0
BRF:0
BRH:0
end_of_record
TN:
SF:/usr/local/projects/gor.butler.ui.managerdashboard/src/actions/filterAction.js
FN:192,showTableFilter
FN:193,BotFilterToggle
FN:194,PPSFilterToggle
FN:195,CSFilterToggle
FN:196,wavesFilterToggle
FN:197,ordersFilterToggle
FN:198,auditFilterToggle
FN:199,userFilterToggle
FN:200,filterApplied
FN:200,setDefaultRange
FN:201,toggleBotButton
FN:202,togglePPSFilter
FN:203,toggleAuditFilter
FN:204,toggleOrderFilter
FN:205,toggleWaveFilter
FN:206,toggleUserFilter
FN:207,toggleChargingFilter
FN:208,butlerfilterState
FN:209,auditfilterState
FN:210,orderfilterState
FN:211,chargingstationfilterState
FN:212,ppsfilterState
FN:213,wavefilterState
FN:214,userfilterState
FN:215,setFilterApplyFlag
FNF:25
FNH:0
FNDA:0,showTableFilter
FNDA:0,BotFilterToggle
FNDA:0,PPSFilterToggle
FNDA:0,CSFilterToggle
FNDA:0,wavesFilterToggle
FNDA:0,ordersFilterToggle
FNDA:0,auditFilterToggle
FNDA:0,userFilterToggle
FNDA:0,filterApplied
FNDA:0,setDefaultRange
FNDA:0,toggleBotButton
FNDA:0,togglePPSFilter
FNDA:0,toggleAuditFilter
FNDA:0,toggleOrderFilter
FNDA:0,toggleWaveFilter
FNDA:0,toggleUserFilter
FNDA:0,toggleChargingFilter
FNDA:0,butlerfilterState
FNDA:0,auditfilterState
FNDA:0,orderfilterState
FNDA:0,chargingstationfilterState
FNDA:0,ppsfilterState
FNDA:0,wavefilterState
FNDA:0,userfilterState
FNDA:0,setFilterApplyFlag
DA:1,0
DA:192,0
DA:193,0
DA:194,0
DA:195,0
DA:196,0
DA:197,0
DA:198,0
DA:199,0
DA:200,0
DA:201,0
DA:202,0
DA:203,0
DA:204,0
DA:205,0
DA:206,0
DA:207,0
DA:208,0
DA:209,0
DA:210,0
DA:211,0
DA:212,0
DA:213,0
DA:214,0
DA:215,0
LF:25
LH:0
BRF:0
BRH:0
end_of_record
TN:
SF:/usr/local/projects/gor.butler.ui.managerdashboard/src/actions/graphAction.js
FN:3,barD3Component
FNF:1
FNH:0
FNDA:0,barD3Component
DA:1,0
DA:4,0
LF:2
LH:0
BRF:0
BRH:0
end_of_record
TN:
SF:/usr/local/projects/gor.butler.ui.managerdashboard/src/actions/headerAction.js
FN:27,getHeaderInfo
FN:27,recieveHeaderInfo
FN:27,recieveShiftStartTime
FN:27,getShiftStartTime
FNF:4
FNH:0
FNDA:0,getHeaderInfo
FNDA:0,recieveHeaderInfo
FNDA:0,recieveShiftStartTime
FNDA:0,getShiftStartTime
DA:1,0
DA:27,0
DA:28,0
LF:3
LH:0
BRF:0
BRH:0
end_of_record
TN:
SF:/usr/local/projects/gor.butler.ui.managerdashboard/src/actions/inventoryActions.js
FN:32,receiveInventoryTodayData
FN:32,receiveInventoryHistoryData
FN:34,setInventorySpinner
FN:34,setInventoryDate
FN:34,inventoryRefreshed
FNF:5
FNH:0
FNDA:0,receiveInventoryTodayData
FNDA:0,receiveInventoryHistoryData
FNDA:0,setInventorySpinner
FNDA:0,setInventoryDate
FNDA:0,inventoryRefreshed
DA:1,0
DA:32,0
DA:34,0
LF:3
LH:0
BRF:0
BRH:0
end_of_record
TN:
SF:/usr/local/projects/gor.butler.ui.managerdashboard/src/actions/loginAction.js
FN:82,loginRequest
FN:82,logoutRequest
FN:82,loginRedirect
FN:82,receiveAuthData
FN:84,authLoginData
FN:86,setUsername
FN:88,setLoginSpinner
FN:90,getTimeOffSetData
FN:93,setTimeOffSetData
FNF:9
FNH:0
FNDA:0,loginRequest
FNDA:0,logoutRequest
FNDA:0,loginRedirect
FNDA:0,receiveAuthData
FNDA:0,authLoginData
FNDA:0,setUsername
FNDA:0,setLoginSpinner
FNDA:0,getTimeOffSetData
FNDA:0,setTimeOffSetData
DA:1,0
DA:82,0
DA:84,0
DA:86,0
DA:88,0
DA:90,0
DA:93,0
LF:7
LH:0
BRF:0
BRH:0
end_of_record
TN:
SF:/usr/local/projects/gor.butler.ui.managerdashboard/src/actions/notificationAction.js
FN:77,getNotificationData
FN:77,recieveNotificationData
FN:77,recieveWSNotification
FN:77,notificationReadIntimation
FN:77,resetNotificationData
FN:77,recieveAllNotifications
FN:77,resetNotificationTableData
FN:77,setNotificationSpinner
FN:77,setInfiniteSpinner
FN:77,recieveAllSearchedNotifications
FNF:10
FNH:0
FNDA:0,getNotificationData
FNDA:0,recieveNotificationData
FNDA:0,recieveWSNotification
FNDA:0,notificationReadIntimation
FNDA:0,resetNotificationData
FNDA:0,recieveAllNotifications
FNDA:0,resetNotificationTableData
FNDA:0,setNotificationSpinner
FNDA:0,setInfiniteSpinner
FNDA:0,recieveAllSearchedNotifications
DA:1,0
DA:77,0
DA:78,0
LF:3
LH:0
BRF:0
BRH:0
end_of_record
TN:
SF:/usr/local/projects/gor.butler.ui.managerdashboard/src/actions/notificationSocketActions.js
FN:39,wsNotificationOnMessageAction
FN:39,wsNotificationResponseAction
FN:39,wsNotificationInit
FN:39,wsNotificationEndConnection
FN:39,wsNotificationSubscribe
FNF:5
FNH:0
FNDA:0,wsNotificationOnMessageAction
FNDA:0,wsNotificationResponseAction
FNDA:0,wsNotificationInit
FNDA:0,wsNotificationEndConnection
FNDA:0,wsNotificationSubscribe
DA:1,0
DA:39,0
DA:41,0
LF:3
LH:0
BRF:0
BRH:0
end_of_record
TN:
SF:/usr/local/projects/gor.butler.ui.managerdashboard/src/actions/operationsLogsActions.js
FN:39,recieveOLData
FN:39,applyOLFilterFlag
FN:39,wsOLSubscribe
FN:39,wsOLUnSubscribe
FN:39,setReportsSpinner
FN:39,recieveWSData
FNF:6
FNH:0
FNDA:0,recieveOLData
FNDA:0,applyOLFilterFlag
FNDA:0,wsOLSubscribe
FNDA:0,wsOLUnSubscribe
FNDA:0,setReportsSpinner
FNDA:0,recieveWSData
DA:1,0
DA:39,0
DA:40,0
LF:3
LH:0
BRF:0
BRH:0
end_of_record
TN:
SF:/usr/local/projects/gor.butler.ui.managerdashboard/src/actions/orderListActions.js
FN:27,setOrderListSpinner
FN:27,orderListRefreshed
FN:27,wavesRefreshed
FN:27,setOrderQuery
FNF:4
FNH:0
FNDA:0,setOrderListSpinner
FNDA:0,orderListRefreshed
FNDA:0,wavesRefreshed
FNDA:0,setOrderQuery
DA:1,0
DA:27,0
DA:28,0
LF:3
LH:0
BRF:0
BRH:0
end_of_record
TN:
SF:/usr/local/projects/gor.butler.ui.managerdashboard/src/actions/overviewActions.js
FN:5,overviewRefreshed
FNF:1
FNH:0
FNDA:0,overviewRefreshed
DA:1,0
DA:6,0
LF:2
LH:0
BRF:0
BRH:0
end_of_record
TN:
SF:/usr/local/projects/gor.butler.ui.managerdashboard/src/actions/paginationAction.js
FN:52,getPageData
FN:52,recieveOrdersData
FN:52,getStatusFilter
FN:52,getTimeFilter
FN:52,getPageSizeOrders
FN:52,currentPageOrders
FN:52,lastRefreshTime
FNF:7
FNH:0
FNDA:0,getPageData
FNDA:0,recieveOrdersData
FNDA:0,getStatusFilter
FNDA:0,getTimeFilter
FNDA:0,getPageSizeOrders
FNDA:0,currentPageOrders
FNDA:0,lastRefreshTime
DA:1,0
DA:52,0
DA:53,0
LF:3
LH:0
BRF:0
BRH:0
end_of_record
TN:
SF:/usr/local/projects/gor.butler.ui.managerdashboard/src/actions/performanceWidgetActions.js
FN:3,renderPerformanceWidget
FNF:1
FNH:0
FNDA:0,renderPerformanceWidget
DA:1,0
DA:4,0
LF:2
LH:0
BRF:0
BRH:0
end_of_record
TN:
SF:/usr/local/projects/gor.butler.ui.managerdashboard/src/actions/ppsConfigurationActions.js
FN:108,receivePPSProfiles
FN:110,selectPPSProfileForConfiguration
FN:110,selectPPSBin
FN:110,selectPPSBinGroup
FN:110,clearSelectionPPSBin
FN:110,changePPSBinStatus
FN:110,changePPSBinGroupStatus
FN:110,addTagToBin
FN:110,receiveTags
FN:110,cancelProfileChanges
FN:110,setPPSConfigurationSpinner
FN:110,savedPPSProfile
FN:110,profileCreated
FN:110,profileRequested
FN:110,tagAddedToList
FNF:15
FNH:0
FNDA:0,receivePPSProfiles
FNDA:0,selectPPSProfileForConfiguration
FNDA:0,selectPPSBin
FNDA:0,selectPPSBinGroup
FNDA:0,clearSelectionPPSBin
FNDA:0,changePPSBinStatus
FNDA:0,changePPSBinGroupStatus
FNDA:0,addTagToBin
FNDA:0,receiveTags
FNDA:0,cancelProfileChanges
FNDA:0,setPPSConfigurationSpinner
FNDA:0,savedPPSProfile
FNDA:0,profileCreated
FNDA:0,profileRequested
FNDA:0,tagAddedToList
DA:1,0
DA:108,0
DA:110,0
LF:3
LH:0
BRF:0
BRH:0
end_of_record
TN:
SF:/usr/local/projects/gor.butler.ui.managerdashboard/src/actions/ppsModeChangeAction.js
FN:17,changePPSmode
FN:17,recievePendingMSU
FN:17,resetCheckedPPSList
FNF:3
FNH:0
FNDA:0,changePPSmode
FNDA:0,recievePendingMSU
FNDA:0,resetCheckedPPSList
DA:1,0
DA:17,0
DA:18,0
LF:3
LH:0
BRF:0
BRH:0
end_of_record
TN:
SF:/usr/local/projects/gor.butler.ui.managerdashboard/src/actions/responseAction.js
FN:106,receivePpsData
FN:106,receiveButlersData
FN:106,receiveChargersData
FN:106,receiveAuditData
FN:106,receivePutData
FN:106,receiveOrdersData
FN:106,receiveThroughputData
FN:106,recieveHistogramData
FN:106,recieveChargersDetail
FN:106,recieveButlersDetail
FN:106,recievePPSDetail
FN:106,recievePPSperformance
FN:106,recieveUserDetails
FN:106,recieveInventoryDetails
FN:106,recievefireHazardDetails
FNF:15
FNH:0
FNDA:0,receivePpsData
FNDA:0,receiveButlersData
FNDA:0,receiveChargersData
FNDA:0,receiveAuditData
FNDA:0,receivePutData
FNDA:0,receiveOrdersData
FNDA:0,receiveThroughputData
FNDA:0,recieveHistogramData
FNDA:0,recieveChargersDetail
FNDA:0,recieveButlersDetail
FNDA:0,recievePPSDetail
FNDA:0,recievePPSperformance
FNDA:0,recieveUserDetails
FNDA:0,recieveInventoryDetails
FNDA:0,recievefireHazardDetails
DA:1,0
DA:106,0
DA:107,0
LF:3
LH:0
BRF:0
BRH:0
end_of_record
TN:
SF:/usr/local/projects/gor.butler.ui.managerdashboard/src/actions/socketActions.js
FN:44,wsOnMessageAction
FN:44,wsResponseAction
FN:44,setWsAction
FN:44,endWsAction
FN:44,wsEndConnection
FN:44,setMockAction
FN:44,updateSubscriptionPacket
FNF:7
FNH:0
FNDA:0,wsOnMessageAction
FNDA:0,wsResponseAction
FNDA:0,setWsAction
FNDA:0,endWsAction
FNDA:0,wsEndConnection
FNDA:0,setMockAction
FNDA:0,updateSubscriptionPacket
DA:1,0
DA:44,0
DA:45,0
LF:3
LH:0
BRF:0
BRH:0
end_of_record
TN:
SF:/usr/local/projects/gor.butler.ui.managerdashboard/src/actions/sortHeaderActions.js
FN:170,butlerHeaderSort
FN:170,butlerHeaderSortOrder
FN:170,butlerFilterDetail
FN:170,setCheckedPps
FN:170,ppsHeaderSort
FN:170,ppsHeaderSortOrder
FN:170,ppsFilterDetail
FN:170,userHeaderSort
FN:170,userHeaderSortOrder
FN:170,waveHeaderSort
FN:170,waveHeaderSortOrder
FN:170,waveFilterDetail
FN:170,csHeaderSort
FN:170,csHeaderSortOrder
FN:170,csFilterDetail
FN:170,setDropDisplay
FN:170,setCheckAll
FN:170,userFilterDetail
FN:170,orderHeaderSortOrder
FN:170,orderHeaderSort
FN:170,orderFilterDetail
FN:170,auditHeaderSortOrder
FN:170,auditHeaderSort
FN:170,auditFilterDetail
FNF:24
FNH:0
FNDA:0,butlerHeaderSort
FNDA:0,butlerHeaderSortOrder
FNDA:0,butlerFilterDetail
FNDA:0,setCheckedPps
FNDA:0,ppsHeaderSort
FNDA:0,ppsHeaderSortOrder
FNDA:0,ppsFilterDetail
FNDA:0,userHeaderSort
FNDA:0,userHeaderSortOrder
FNDA:0,waveHeaderSort
FNDA:0,waveHeaderSortOrder
FNDA:0,waveFilterDetail
FNDA:0,csHeaderSort
FNDA:0,csHeaderSortOrder
FNDA:0,csFilterDetail
FNDA:0,setDropDisplay
FNDA:0,setCheckAll
FNDA:0,userFilterDetail
FNDA:0,orderHeaderSortOrder
FNDA:0,orderHeaderSort
FNDA:0,orderFilterDetail
FNDA:0,auditHeaderSortOrder
FNDA:0,auditHeaderSort
FNDA:0,auditFilterDetail
DA:1,0
DA:170,0
DA:171,0
LF:3
LH:0
BRF:0
BRH:0
end_of_record
TN:
SF:/usr/local/projects/gor.butler.ui.managerdashboard/src/actions/spinnerAction.js
FN:105,userFilterApplySpinner
FN:105,setWavesSpinner
FN:105,setWavesFilterSpinner
FN:105,setButlerFilterSpinner
FN:105,setButlerSpinner
FN:105,setPpsFilterSpinner
FN:105,setPpsSpinner
FN:105,setCsSpinner
FN:105,setCsFilterSpinner
FN:105,setResolveAuditSpinner
FN:105,setUserSpinner
FN:105,setSafetySpinner
FN:105,setInventoryReportSpinner
FN:105,setStockLedgerSpinner
FN:105,setStockLedgerRawTransactionsSpinner
FNF:15
FNH:0
FNDA:0,userFilterApplySpinner
FNDA:0,setWavesSpinner
FNDA:0,setWavesFilterSpinner
FNDA:0,setButlerFilterSpinner
FNDA:0,setButlerSpinner
FNDA:0,setPpsFilterSpinner
FNDA:0,setPpsSpinner
FNDA:0,setCsSpinner
FNDA:0,setCsFilterSpinner
FNDA:0,setResolveAuditSpinner
FNDA:0,setUserSpinner
FNDA:0,setSafetySpinner
FNDA:0,setInventoryReportSpinner
FNDA:0,setStockLedgerSpinner
FNDA:0,setStockLedgerRawTransactionsSpinner
DA:1,0
DA:105,0
DA:106,0
LF:3
LH:0
BRF:0
BRH:0
end_of_record
TN:
SF:/usr/local/projects/gor.butler.ui.managerdashboard/src/actions/statsWidgetActions.js
FN:3,renderStatsWidget
FNF:1
FNH:0
FNDA:0,renderStatsWidget
DA:1,0
DA:4,0
LF:2
LH:0
BRF:0
BRH:0
end_of_record
TN:
SF:/usr/local/projects/gor.butler.ui.managerdashboard/src/actions/sysControllersActions.js
FN:3,recieveControllerData
FNF:1
FNH:1
FNDA:1,recieveControllerData
DA:4,1
LF:1
LH:1
BRF:0
BRH:0
end_of_record
TN:
SF:/usr/local/projects/gor.butler.ui.managerdashboard/src/actions/sysOverViewActions.js
FN:3,recieveSysOverViewData
FNF:1
FNH:1
FNDA:1,recieveSysOverViewData
DA:4,1
LF:1
LH:1
BRF:0
BRH:0
end_of_record
TN:
SF:/usr/local/projects/gor.butler.ui.managerdashboard/src/actions/systemActions.js
FN:24,butlerBotsRefreshed
FN:26,ppsListRefreshed
FN:26,chargingStationListRefreshed
FN:26,ppsConfigurationTabRefreshed
FNF:4
FNH:0
FNDA:0,butlerBotsRefreshed
FNDA:0,ppsListRefreshed
FNDA:0,chargingStationListRefreshed
FNDA:0,ppsConfigurationTabRefreshed
DA:1,0
DA:24,0
DA:26,0
LF:3
LH:0
BRF:0
BRH:0
end_of_record
TN:
SF:/usr/local/projects/gor.butler.ui.managerdashboard/src/actions/tabActions.js
FN:69,recieveOverviewStatus
FN:69,recieveSystemStatus
FN:69,recieveInventoryStatus
FN:69,recieveAuditStatus
FN:69,recieveOrdersStatus
FN:69,recieveUsersStatus
FN:69,recieveStatus
FN:69,setFireHazrdFlag
FN:72,setEmergencyModalStatus
FNF:9
FNH:0
FNDA:0,recieveOverviewStatus
FNDA:0,recieveSystemStatus
FNDA:0,recieveInventoryStatus
FNDA:0,recieveAuditStatus
FNDA:0,recieveOrdersStatus
FNDA:0,recieveUsersStatus
FNDA:0,recieveStatus
FNDA:0,setFireHazrdFlag
FNDA:0,setEmergencyModalStatus
DA:1,0
DA:69,0
DA:72,0
LF:3
LH:0
BRF:0
BRH:0
end_of_record
TN:
SF:/usr/local/projects/gor.butler.ui.managerdashboard/src/actions/tabSelectAction.js
FN:19,tabSelected
FN:19,prevTabSelected
FN:19,subTabSelected
FNF:3
FNH:0
FNDA:0,tabSelected
FNDA:0,prevTabSelected
FNDA:0,subTabSelected
DA:1,0
DA:19,0
DA:20,0
LF:3
LH:0
BRF:0
BRH:0
end_of_record
TN:
SF:/usr/local/projects/gor.butler.ui.managerdashboard/src/actions/tableDataAction.js
FN:3,currentTableState
FNF:1
FNH:0
FNDA:0,currentTableState
DA:1,0
DA:4,0
LF:2
LH:0
BRF:0
BRH:0
end_of_record
TN:
SF:/usr/local/projects/gor.butler.ui.managerdashboard/src/actions/userActions.js
FN:31,userRequest
FN:31,assignRole
FN:31,setRole
FN:31,recieveConfigurations
FNF:4
FNH:0
FNDA:0,userRequest
FNDA:0,assignRole
FNDA:0,setRole
FNDA:0,recieveConfigurations
DA:1,0
DA:31,0
LF:2
LH:0
BRF:0
BRH:0
end_of_record
TN:
SF:/usr/local/projects/gor.butler.ui.managerdashboard/src/actions/utilityActions.js
FN:103,getItemRecall
FN:103,getGRdata
FN:103,downloadStockLedgerReport
FN:103,downloadStockLedgerRawTransactionsReport
FN:103,validateInvoiceID
FN:103,validateStockLedgerSKU
FN:103,clearStockLedgerSKU
FN:103,uploadMasterData
FN:103,getUploadHistory
FN:103,uploadMasterDataProcessing
FN:103,uploadMasterDataSuccess
FN:103,uploadMasterDataHistory
FN:103,uploadReportHistory
FN:103,uploadGRNHistory
FN:103,updateMaxFileSize
FN:103,utilityTabRefreshed
FNF:16
FNH:0
FNDA:0,getItemRecall
FNDA:0,getGRdata
FNDA:0,downloadStockLedgerReport
FNDA:0,downloadStockLedgerRawTransactionsReport
FNDA:0,validateInvoiceID
FNDA:0,validateStockLedgerSKU
FNDA:0,clearStockLedgerSKU
FNDA:0,uploadMasterData
FNDA:0,getUploadHistory
FNDA:0,uploadMasterDataProcessing
FNDA:0,uploadMasterDataSuccess
FNDA:0,uploadMasterDataHistory
FNDA:0,uploadReportHistory
FNDA:0,uploadGRNHistory
FNDA:0,updateMaxFileSize
FNDA:0,utilityTabRefreshed
DA:1,0
DA:103,0
DA:104,0
LF:3
LH:0
BRF:0
BRH:0
end_of_record
TN:
SF:/usr/local/projects/gor.butler.ui.managerdashboard/src/actions/validationActions.js
FN:148,validateID
FN:148,validateName
FN:148,validateSKU
FN:148,validateLOC
FN:148,validatePassword
FN:148,resetForm
FN:148,resetPasswordButton
FN:148,notifySuccess
FN:148,notifyDelete
FN:148,notifyFail
FN:148,notifyInfo
FN:148,notifyHide
FN:148,loginError
FN:148,validateSKUcode
FN:148,validateSKUcodeSpinner
FN:148,validatedSKUcode
FN:148,modalStatus
FN:148,getSafetyList
FN:148,getSafetyErrorList
FN:148,getErrorBotList
FN:148,validatingList
FN:148,modalFormReset
FNF:22
FNH:0
FNDA:0,validateID
FNDA:0,validateName
FNDA:0,validateSKU
FNDA:0,validateLOC
FNDA:0,validatePassword
FNDA:0,resetForm
FNDA:0,resetPasswordButton
FNDA:0,notifySuccess
FNDA:0,notifyDelete
FNDA:0,notifyFail
FNDA:0,notifyInfo
FNDA:0,notifyHide
FNDA:0,loginError
FNDA:0,validateSKUcode
FNDA:0,validateSKUcodeSpinner
FNDA:0,validatedSKUcode
FNDA:0,modalStatus
FNDA:0,getSafetyList
FNDA:0,getSafetyErrorList
FNDA:0,getErrorBotList
FNDA:0,validatingList
FNDA:0,modalFormReset
DA:1,0
DA:148,0
DA:149,0
LF:3
LH:0
BRF:0
BRH:0
end_of_record
TN:
SF:/usr/local/projects/gor.butler.ui.managerdashboard/src/actions/zoningActions.js
FN:7,recieveZoningData
FNF:1
FNH:1
FNDA:1,recieveZoningData
DA:8,1
LF:1
LH:1
BRF:0
BRH:0
end_of_record
TN:
SF:/usr/local/projects/gor.butler.ui.managerdashboard/src/components/Information.js
FNF:0
FNH:0
LF:0
LH:0
BRF:0
BRH:0
end_of_record
TN:
SF:/usr/local/projects/gor.butler.ui.managerdashboard/src/components/Router.js
FN:22,(anonymous_0)
FN:90,(anonymous_1)
FN:103,(anonymous_2)
FN:113,(anonymous_3)
FN:133,(anonymous_4)
FN:137,(anonymous_5)
FN:138,(anonymous_6)
FN:144,(anonymous_7)
FN:145,(anonymous_8)
FN:151,(anonymous_9)
FN:152,(anonymous_10)
FN:158,(anonymous_11)
FN:159,(anonymous_12)
FN:165,(anonymous_13)
FN:166,(anonymous_14)
FN:172,(anonymous_15)
FN:173,(anonymous_16)
FN:179,(anonymous_17)
FN:180,(anonymous_18)
FN:186,(anonymous_19)
FN:187,(anonymous_20)
FN:194,(anonymous_21)
FN:195,(anonymous_22)
FN:202,(anonymous_23)
FN:203,(anonymous_24)
FN:209,(anonymous_25)
FN:210,(anonymous_26)
FN:217,(anonymous_27)
FN:218,(anonymous_28)
FN:226,(anonymous_29)
FN:227,(anonymous_30)
FN:233,(anonymous_31)
FN:234,(anonymous_32)
FN:241,(anonymous_33)
FN:242,(anonymous_34)
FN:249,(anonymous_35)
FN:250,(anonymous_36)
FN:259,(anonymous_37)
FN:260,(anonymous_38)
FN:268,(anonymous_39)
FN:269,(anonymous_40)
FN:278,(anonymous_41)
FN:279,(anonymous_42)
FN:286,(anonymous_43)
FN:287,(anonymous_44)
FN:294,(anonymous_45)
FN:295,(anonymous_46)
FN:302,(anonymous_47)
FN:303,(anonymous_48)
FN:311,(anonymous_49)
FN:312,(anonymous_50)
FN:318,(anonymous_51)
FN:319,(anonymous_52)
FN:326,(anonymous_53)
FN:327,(anonymous_54)
FN:333,(anonymous_55)
FN:334,(anonymous_56)
FN:351,mapDispatchToProps
FN:353,updateIntl
FN:356,loginRequest
FN:359,tabSelected
FN:362,subTabSelected
FN:365,setInventorySpinner
FN:368,setAuditSpinner
FN:371,setButlerSpinner
FN:374,setOrderListSpinner
FN:377,setWavesSpinner
FN:380,setPpsSpinner
FN:383,setCsSpinner
FN:386,setUserSpinner
FN:393,mapStateToProps
FNF:71
FNH:0
FNDA:0,(anonymous_0)
FNDA:0,(anonymous_1)
FNDA:0,(anonymous_2)
FNDA:0,(anonymous_3)
FNDA:0,(anonymous_4)
FNDA:0,(anonymous_5)
FNDA:0,(anonymous_6)
FNDA:0,(anonymous_7)
FNDA:0,(anonymous_8)
FNDA:0,(anonymous_9)
FNDA:0,(anonymous_10)
FNDA:0,(anonymous_11)
FNDA:0,(anonymous_12)
FNDA:0,(anonymous_13)
FNDA:0,(anonymous_14)
FNDA:0,(anonymous_15)
FNDA:0,(anonymous_16)
FNDA:0,(anonymous_17)
FNDA:0,(anonymous_18)
FNDA:0,(anonymous_19)
FNDA:0,(anonymous_20)
FNDA:0,(anonymous_21)
FNDA:0,(anonymous_22)
FNDA:0,(anonymous_23)
FNDA:0,(anonymous_24)
FNDA:0,(anonymous_25)
FNDA:0,(anonymous_26)
FNDA:0,(anonymous_27)
FNDA:0,(anonymous_28)
FNDA:0,(anonymous_29)
FNDA:0,(anonymous_30)
FNDA:0,(anonymous_31)
FNDA:0,(anonymous_32)
FNDA:0,(anonymous_33)
FNDA:0,(anonymous_34)
FNDA:0,(anonymous_35)
FNDA:0,(anonymous_36)
FNDA:0,(anonymous_37)
FNDA:0,(anonymous_38)
FNDA:0,(anonymous_39)
FNDA:0,(anonymous_40)
FNDA:0,(anonymous_41)
FNDA:0,(anonymous_42)
FNDA:0,(anonymous_43)
FNDA:0,(anonymous_44)
FNDA:0,(anonymous_45)
FNDA:0,(anonymous_46)
FNDA:0,(anonymous_47)
FNDA:0,(anonymous_48)
FNDA:0,(anonymous_49)
FNDA:0,(anonymous_50)
FNDA:0,(anonymous_51)
FNDA:0,(anonymous_52)
FNDA:0,(anonymous_53)
FNDA:0,(anonymous_54)
FNDA:0,(anonymous_55)
FNDA:0,(anonymous_56)
FNDA:0,mapDispatchToProps
FNDA:0,updateIntl
FNDA:0,loginRequest
FNDA:0,tabSelected
FNDA:0,subTabSelected
FNDA:0,setInventorySpinner
FNDA:0,setAuditSpinner
FNDA:0,setButlerSpinner
FNDA:0,setOrderListSpinner
FNDA:0,setWavesSpinner
FNDA:0,setPpsSpinner
FNDA:0,setCsSpinner
FNDA:0,setUserSpinner
FNDA:0,mapStateToProps
DA:1,0
DA:23,0
DA:24,0
DA:25,0
DA:26,0
DA:27,0
DA:28,0
DA:29,0
DA:30,0
DA:32,0
DA:33,0
DA:36,0
DA:37,0
DA:39,0
DA:40,0
DA:43,0
DA:44,0
DA:45,0
DA:48,0
DA:49,0
DA:51,0
DA:52,0
DA:55,0
DA:56,0
DA:59,0
DA:60,0
DA:63,0
DA:64,0
DA:67,0
DA:68,0
DA:71,0
DA:72,0
DA:76,0
DA:77,0
DA:78,0
DA:79,0
DA:80,0
DA:81,0
DA:86,0
DA:91,0
DA:93,0
DA:94,0
DA:98,0
DA:99,0
DA:104,0
DA:105,0
DA:108,0
DA:109,0
DA:114,0
DA:116,0
DA:117,0
DA:118,0
DA:119,0
DA:120,0
DA:121,0
DA:122,0
DA:124,0
DA:125,0
DA:128,0
DA:134,0
DA:138,0
DA:139,0
DA:145,0
DA:146,0
DA:152,0
DA:153,0
DA:159,0
DA:160,0
DA:166,0
DA:167,0
DA:173,0
DA:174,0
DA:180,0
DA:181,0
DA:187,0
DA:188,0
DA:195,0
DA:196,0
DA:203,0
DA:204,0
DA:210,0
DA:211,0
DA:218,0
DA:219,0
DA:227,0
DA:228,0
DA:234,0
DA:235,0
DA:242,0
DA:243,0
DA:250,0
DA:251,0
DA:260,0
DA:261,0
DA:269,0
DA:270,0
DA:279,0
DA:280,0
DA:287,0
DA:288,0
DA:295,0
DA:296,0
DA:303,0
DA:304,0
DA:312,0
DA:313,0
DA:319,0
DA:320,0
DA:327,0
DA:328,0
DA:334,0
DA:335,0
DA:351,0
DA:352,0
DA:354,0
DA:357,0
DA:360,0
DA:363,0
DA:366,0
DA:369,0
DA:372,0
DA:375,0
DA:378,0
DA:381,0
DA:384,0
DA:387,0
DA:395,0
LF:127
LH:0
BRDA:23,0,0,0
BRDA:23,0,1,0
BRDA:24,1,0,0
BRDA:24,1,1,0
BRDA:25,2,0,0
BRDA:25,2,1,0
BRDA:26,3,0,0
BRDA:30,4,0,0
BRDA:30,4,1,0
BRDA:30,4,2,0
BRDA:30,4,3,0
BRDA:48,5,0,0
BRDA:48,5,1,0
BRDA:49,6,0,0
BRDA:49,6,1,0
BRDA:49,6,2,0
BRDA:49,6,3,0
BRDA:49,6,4,0
BRDA:49,6,5,0
BRDA:49,6,6,0
BRDA:104,7,0,0
BRDA:104,7,1,0
BRDA:108,8,0,0
BRDA:108,8,1,0
BRDA:120,9,0,0
BRDA:120,9,1,0
BRDA:396,10,0,0
BRDA:396,10,1,0
BRF:28
BRH:0
end_of_record
TN:
SF:/usr/local/projects/gor.butler.ui.managerdashboard/src/components/commonFunctionsDataTable.js
FN:46,_interopRequireDefault
FN:46,_objectWithoutProperties
FN:46,reverseSortDirection
FN:46,filterIndex
FN:46,sortData
FN:47,(anonymous_5)
FN:90,auditTaskActions
FN:118,(anonymous_7)
FN:123,(anonymous_8)
FN:127,(anonymous_9)
FN:134,(anonymous_10)
FN:153,(anonymous_11)
FN:155,(anonymous_12)
FN:167,(anonymous_13)
FN:183,(anonymous_14)
FN:185,(anonymous_15)
FN:186,(anonymous_16)
FN:199,(anonymous_17)
FN:211,(anonymous_18)
FN:213,(anonymous_19)
FN:229,(anonymous_20)
FN:259,(anonymous_21)
FN:288,(anonymous_22)
FN:294,(anonymous_23)
FN:300,(anonymous_24)
FN:306,(anonymous_25)
FN:308,(anonymous_26)
FN:319,(anonymous_27)
FN:336,(anonymous_28)
FN:350,(anonymous_29)
FN:372,(anonymous_30)
FN:397,(anonymous_31)
FN:409,(anonymous_32)
FN:415,(anonymous_33)
FN:437,(anonymous_34)
FN:438,(anonymous_35)
FN:452,(anonymous_36)
FN:458,(anonymous_37)
FN:472,(anonymous_38)
FN:488,(anonymous_39)
FN:493,(anonymous_40)
FN:500,(anonymous_41)
FN:509,(anonymous_42)
FN:515,(anonymous_43)
FN:521,(anonymous_44)
FN:533,(anonymous_45)
FN:544,(anonymous_46)
FNF:47
FNH:0
FNDA:0,_interopRequireDefault
FNDA:0,_objectWithoutProperties
FNDA:0,reverseSortDirection
FNDA:0,filterIndex
FNDA:0,sortData
FNDA:0,(anonymous_5)
FNDA:0,auditTaskActions
FNDA:0,(anonymous_7)
FNDA:0,(anonymous_8)
FNDA:0,(anonymous_9)
FNDA:0,(anonymous_10)
FNDA:0,(anonymous_11)
FNDA:0,(anonymous_12)
FNDA:0,(anonymous_13)
FNDA:0,(anonymous_14)
FNDA:0,(anonymous_15)
FNDA:0,(anonymous_16)
FNDA:0,(anonymous_17)
FNDA:0,(anonymous_18)
FNDA:0,(anonymous_19)
FNDA:0,(anonymous_20)
FNDA:0,(anonymous_21)
FNDA:0,(anonymous_22)
FNDA:0,(anonymous_23)
FNDA:0,(anonymous_24)
FNDA:0,(anonymous_25)
FNDA:0,(anonymous_26)
FNDA:0,(anonymous_27)
FNDA:0,(anonymous_28)
FNDA:0,(anonymous_29)
FNDA:0,(anonymous_30)
FNDA:0,(anonymous_31)
FNDA:0,(anonymous_32)
FNDA:0,(anonymous_33)
FNDA:0,(anonymous_34)
FNDA:0,(anonymous_35)
FNDA:0,(anonymous_36)
FNDA:0,(anonymous_37)
FNDA:0,(anonymous_38)
FNDA:0,(anonymous_39)
FNDA:0,(anonymous_40)
FNDA:0,(anonymous_41)
FNDA:0,(anonymous_42)
FNDA:0,(anonymous_43)
FNDA:0,(anonymous_44)
FNDA:0,(anonymous_45)
FNDA:0,(anonymous_46)
DA:1,0
DA:46,0
DA:47,0
DA:48,0
DA:49,0
DA:50,0
DA:51,0
DA:55,0
DA:56,0
DA:58,0
DA:59,0
DA:61,0
DA:62,0
DA:63,0
DA:64,0
DA:65,0
DA:66,0
DA:67,0
DA:69,0
DA:71,0
DA:72,0
DA:73,0
DA:74,0
DA:76,0
DA:79,0
DA:80,0
DA:84,0
DA:86,0
DA:91,0
DA:94,0
DA:96,0
DA:98,0
DA:103,0
DA:104,0
DA:106,0
DA:107,0
DA:109,0
DA:110,0
DA:113,0
DA:119,0
DA:120,0
DA:124,0
DA:128,0
DA:134,0
DA:153,0
DA:155,0
DA:157,0
DA:161,0
DA:167,0
DA:169,0
DA:183,0
DA:185,0
DA:186,0
DA:189,0
DA:199,0
DA:201,0
DA:211,0
DA:212,0
DA:213,0
DA:218,0
DA:229,0
DA:259,0
DA:288,0
DA:294,0
DA:300,0
DA:306,0
DA:308,0
DA:309,0
DA:314,0
DA:319,0
DA:321,0
DA:331,0
DA:336,0
DA:350,0
DA:372,0
DA:398,0
DA:410,0
DA:411,0
DA:412,0
DA:414,0
DA:415,0
DA:416,0
DA:424,0
DA:438,0
DA:439,0
DA:444,0
DA:445,0
DA:449,0
DA:453,0
DA:454,0
DA:455,0
DA:456,0
DA:457,0
DA:458,0
DA:459,0
DA:461,0
DA:473,0
DA:480,0
DA:489,0
DA:490,0
DA:494,0
DA:495,0
DA:497,0
DA:501,0
DA:502,0
DA:503,0
DA:506,0
DA:510,0
DA:516,0
DA:518,0
DA:523,0
DA:534,0
DA:535,0
DA:544,0
LF:114
LH:0
BRDA:46,0,0,0
BRDA:46,0,1,0
BRDA:46,1,0,0
BRDA:46,1,1,0
BRDA:46,2,0,0
BRDA:46,2,1,0
BRDA:46,3,0,0
BRDA:46,3,1,0
BRDA:46,4,0,0
BRDA:46,4,1,0
BRDA:46,5,0,0
BRDA:46,5,1,0
BRDA:46,6,0,0
BRDA:46,6,1,0
BRDA:46,7,0,0
BRDA:46,7,1,0
BRDA:49,8,0,0
BRDA:49,8,1,0
BRDA:61,9,0,0
BRDA:61,9,1,0
BRDA:61,10,0,0
BRDA:61,10,1,0
BRDA:62,11,0,0
BRDA:62,11,1,0
BRDA:63,12,0,0
BRDA:63,12,1,0
BRDA:64,13,0,0
BRDA:64,13,1,0
BRDA:67,14,0,0
BRDA:67,14,1,0
BRDA:67,15,0,0
BRDA:67,15,1,0
BRDA:71,16,0,0
BRDA:71,16,1,0
BRDA:73,17,0,0
BRDA:73,17,1,0
BRDA:76,18,0,0
BRDA:76,18,1,0
BRDA:79,19,0,0
BRDA:79,19,1,0
BRDA:79,20,0,0
BRDA:79,20,1,0
BRDA:103,21,0,0
BRDA:103,21,1,0
BRDA:103,22,0,0
BRDA:103,22,1,0
BRDA:106,23,0,0
BRDA:106,23,1,0
BRDA:106,24,0,0
BRDA:106,24,1,0
BRDA:109,25,0,0
BRDA:109,25,1,0
BRDA:109,26,0,0
BRDA:109,26,1,0
BRDA:157,27,0,0
BRDA:310,28,0,0
BRDA:310,28,1,0
BRDA:411,29,0,0
BRDA:411,29,1,0
BRDA:454,30,0,0
BRDA:454,30,1,0
BRDA:463,31,0,0
BRDA:463,31,1,0
BRDA:467,32,0,0
BRDA:494,33,0,0
BRDA:494,33,1,0
BRDA:494,34,0,0
BRDA:494,34,1,0
BRDA:501,35,0,0
BRDA:501,35,1,0
BRDA:527,36,0,0
BRDA:527,36,1,0
BRDA:527,37,0,0
BRDA:527,37,1,0
BRDA:537,38,0,0
BRDA:537,38,1,0
BRF:76
BRH:0
end_of_record
TN:
SF:/usr/local/projects/gor.butler.ui.managerdashboard/src/components/index.js
FNF:0
FNH:0
LF:0
LH:0
BRF:0
BRH:0
end_of_record
TN:
SF:/usr/local/projects/gor.butler.ui.managerdashboard/src/components/Information/Information.js
FN:1,_interopRequireDefault
FN:4,(anonymous_1)
FN:9,(anonymous_2)
FN:12,(anonymous_3)
FN:15,(anonymous_4)
FNF:5
FNH:0
FNDA:0,_interopRequireDefault
FNDA:0,(anonymous_1)
FNDA:0,(anonymous_2)
FNDA:0,(anonymous_3)
FNDA:0,(anonymous_4)
DA:1,0
DA:6,0
DA:7,0
DA:10,0
DA:13,0
DA:17,0
DA:32,0
LF:7
LH:0
BRDA:1,0,0,0
BRDA:1,0,1,0
BRDA:1,1,0,0
BRDA:1,1,1,0
BRDA:23,2,0,0
BRDA:23,2,1,0
BRF:6
BRH:0
end_of_record
TN:
SF:/usr/local/projects/gor.butler.ui.managerdashboard/src/components/dropdown/dropdown.js
FN:4,_interopRequireDefault
FN:8,(anonymous_1)
FN:15,(anonymous_2)
FN:16,(anonymous_3)
FN:24,(anonymous_4)
FN:31,(anonymous_5)
FNF:6
FNH:0
FNDA:0,_interopRequireDefault
FNDA:0,(anonymous_1)
FNDA:0,(anonymous_2)
FNDA:0,(anonymous_3)
FNDA:0,(anonymous_4)
FNDA:0,(anonymous_5)
DA:1,0
DA:4,0
DA:9,0
DA:10,0
DA:12,0
DA:16,0
DA:17,0
DA:18,0
DA:19,0
DA:25,0
DA:26,0
DA:28,0
DA:32,0
DA:34,0
LF:14
LH:0
BRDA:4,0,0,0
BRDA:4,0,1,0
BRDA:4,1,0,0
BRDA:4,1,1,0
BRDA:18,2,0,0
BRDA:18,2,1,0
BRDA:25,3,0,0
BRDA:25,3,1,0
BRF:8
BRH:0
end_of_record
TN:
SF:/usr/local/projects/gor.butler.ui.managerdashboard/src/components/dropdown/dropdownTable.js
FN:2,_interopRequireDefault
FN:6,(anonymous_1)
FN:14,(anonymous_2)
FN:21,(anonymous_3)
FN:29,(anonymous_4)
FNF:5
FNH:0
FNDA:0,_interopRequireDefault
FNDA:0,(anonymous_1)
FNDA:0,(anonymous_2)
FNDA:0,(anonymous_3)
FNDA:0,(anonymous_4)
DA:1,0
DA:2,0
DA:7,0
DA:8,0
DA:11,0
DA:15,0
DA:16,0
DA:22,0
DA:24,0
DA:26,0
DA:30,0
DA:31,0
DA:36,0
DA:37,0
DA:40,0
LF:15
LH:0
BRDA:2,0,0,0
BRDA:2,0,1,0
BRDA:2,1,0,0
BRDA:2,1,1,0
BRDA:22,2,0,0
BRDA:22,2,1,0
BRDA:22,3,0,0
BRDA:22,3,1,0
BRDA:30,4,0,0
BRDA:30,4,1,0
BRDA:36,5,0,0
BRDA:36,5,1,0
BRF:12
BRH:0
end_of_record
TN:
SF:/usr/local/projects/gor.butler.ui.managerdashboard/src/components/dropdown/searchDropdown.js
FN:6,(anonymous_0)
FN:13,(anonymous_1)
FN:22,(anonymous_2)
FN:27,(anonymous_3)
FN:32,(anonymous_4)
FN:43,(anonymous_5)
FN:58,(anonymous_6)
FN:62,(anonymous_7)
FN:66,(anonymous_8)
FN:70,(anonymous_9)
FN:76,(anonymous_10)
FN:100,(anonymous_11)
FN:106,(anonymous_12)
FN:110,(anonymous_13)
FN:117,(anonymous_14)
FNF:15
FNH:0
FNDA:0,(anonymous_0)
FNDA:0,(anonymous_1)
FNDA:0,(anonymous_2)
FNDA:0,(anonymous_3)
FNDA:0,(anonymous_4)
FNDA:0,(anonymous_5)
FNDA:0,(anonymous_6)
FNDA:0,(anonymous_7)
FNDA:0,(anonymous_8)
FNDA:0,(anonymous_9)
FNDA:0,(anonymous_10)
FNDA:0,(anonymous_11)
FNDA:0,(anonymous_12)
FNDA:0,(anonymous_13)
FNDA:0,(anonymous_14)
DA:1,0
DA:7,0
DA:8,0
DA:9,0
DA:10,0
DA:14,0
DA:15,0
DA:16,0
DA:17,0
DA:18,0
DA:19,0
DA:23,0
DA:24,0
DA:28,0
DA:29,0
DA:33,0
DA:34,0
DA:35,0
DA:36,0
DA:37,0
DA:40,0
DA:44,0
DA:45,0
DA:46,0
DA:47,0
DA:48,0
DA:49,0
DA:50,0
DA:51,0
DA:54,0
DA:55,0
DA:59,0
DA:63,0
DA:67,0
DA:71,0
DA:72,0
DA:73,0
DA:78,0
DA:79,0
DA:80,0
DA:83,0
DA:84,0
DA:85,0
DA:86,0
DA:87,0
DA:97,0
DA:101,0
DA:102,0
DA:107,0
DA:108,0
DA:110,0
DA:117,0
LF:52
LH:0
BRDA:14,0,0,0
BRDA:14,0,1,0
BRDA:14,1,0,0
BRDA:14,1,1,0
BRDA:18,2,0,0
BRDA:36,3,0,0
BRDA:36,3,1,0
BRDA:48,4,0,0
BRDA:48,4,1,0
BRDA:49,5,0,0
BRDA:49,5,1,0
BRDA:86,6,0,0
BRDA:86,6,1,0
BRDA:86,7,0,0
BRDA:86,7,1,0
BRDA:101,8,0,0
BRDA:101,8,1,0
BRDA:110,9,0,0
BRDA:110,9,1,0
BRDA:120,10,0,0
BRDA:126,11,0,0
BRDA:126,11,1,0
BRDA:128,12,0,0
BRDA:128,12,1,0
BRDA:133,13,0,0
BRDA:133,13,1,0
BRDA:140,14,0,0
BRF:27
BRH:0
end_of_record
TN:
SF:/usr/local/projects/gor.butler.ui.managerdashboard/src/components/fielderror/fielderror.js
FN:1,_interopRequireDefault
FN:3,(anonymous_1)
FN:7,(anonymous_2)
FNF:3
FNH:0
FNDA:0,_interopRequireDefault
FNDA:0,(anonymous_1)
FNDA:0,(anonymous_2)
DA:1,0
DA:5,0
DA:8,0
LF:3
LH:0
BRDA:1,0,0,0
BRDA:1,0,1,0
BRDA:1,1,0,0
BRDA:1,1,1,0
BRF:4
BRH:0
end_of_record
TN:
SF:/usr/local/projects/gor.butler.ui.managerdashboard/src/components/fileUpload/fileUpload.js
FN:10,(anonymous_0)
FN:14,(anonymous_1)
FN:18,(anonymous_2)
FNF:3
FNH:0
FNDA:0,(anonymous_0)
FNDA:0,(anonymous_1)
FNDA:0,(anonymous_2)
DA:1,0
DA:11,0
DA:15,0
DA:19,0
DA:20,0
DA:21,0
DA:23,0
DA:47,0
LF:8
LH:0
BRDA:20,0,0,0
BRDA:20,0,1,0
BRDA:21,1,0,0
BRDA:21,1,1,0
BRDA:21,2,0,0
BRDA:21,2,1,0
BRDA:21,3,0,0
BRDA:21,3,1,0
BRDA:29,4,0,0
BRF:9
BRH:0
end_of_record
TN:
SF:/usr/local/projects/gor.butler.ui.managerdashboard/src/components/fireHazardTiles/shutterLocationTile.js
FN:5,_interopRequireDefault
FN:10,(anonymous_1)
FNF:2
FNH:0
FNDA:0,_interopRequireDefault
FNDA:0,(anonymous_1)
DA:1,0
DA:5,0
DA:11,0
DA:21,0
LF:4
LH:0
BRDA:5,0,0,0
BRDA:5,0,1,0
BRDA:5,1,0,0
BRDA:5,1,1,0
BRF:4
BRH:0
end_of_record
TN:
SF:/usr/local/projects/gor.butler.ui.managerdashboard/src/components/footer/Footer.js
FN:5,(anonymous_0)
FN:9,(anonymous_1)
FNF:2
FNH:0
FNDA:0,(anonymous_0)
FNDA:0,(anonymous_1)
DA:1,0
DA:7,0
DA:10,0
LF:3
LH:0
BRF:0
BRH:0
end_of_record
TN:
SF:/usr/local/projects/gor.butler.ui.managerdashboard/src/components/gor-dropdown-component/dropdown.js
FN:3,_interopRequireDefault
FN:6,(anonymous_1)
FN:13,(anonymous_2)
FN:22,(anonymous_3)
FN:28,(anonymous_4)
FN:63,(anonymous_5)
FN:71,(anonymous_6)
FN:78,(anonymous_7)
FN:82,(anonymous_8)
FN:87,(anonymous_9)
FNF:10
FNH:0
FNDA:0,_interopRequireDefault
FNDA:0,(anonymous_1)
FNDA:0,(anonymous_2)
FNDA:0,(anonymous_3)
FNDA:0,(anonymous_4)
FNDA:0,(anonymous_5)
FNDA:0,(anonymous_6)
FNDA:0,(anonymous_7)
FNDA:0,(anonymous_8)
FNDA:0,(anonymous_9)
DA:1,0
DA:3,0
DA:7,0
DA:8,0
DA:9,0
DA:10,0
DA:14,0
DA:19,0
DA:23,0
DA:24,0
DA:25,0
DA:29,0
DA:30,0
DA:32,0
DA:33,0
DA:34,0
DA:35,0
DA:36,0
DA:37,0
DA:38,0
DA:39,0
DA:41,0
DA:42,0
DA:43,0
DA:44,0
DA:47,0
DA:48,0
DA:51,0
DA:52,0
DA:53,0
DA:57,0
DA:58,0
DA:60,0
DA:64,0
DA:65,0
DA:72,0
DA:73,0
DA:79,0
DA:83,0
DA:89,0
LF:40
LH:0
BRDA:3,0,0,0
BRDA:3,0,1,0
BRDA:3,1,0,0
BRDA:3,1,1,0
BRDA:29,2,0,0
BRDA:29,2,1,0
BRDA:37,3,0,0
BRDA:37,3,1,0
BRDA:37,4,0,0
BRDA:37,4,1,0
BRDA:41,5,0,0
BRDA:41,5,1,0
BRDA:43,6,0,0
BRDA:43,6,1,0
BRDA:51,7,0,0
BRDA:51,7,1,0
BRDA:57,8,0,0
BRDA:57,8,1,0
BRDA:61,9,0,0
BRDA:61,9,1,0
BRDA:62,10,0,0
BRDA:62,10,1,0
BRDA:64,11,0,0
BRDA:64,11,1,0
BRDA:72,12,0,0
BRDA:72,12,1,0
BRDA:90,13,0,0
BRDA:90,13,1,0
BRDA:92,14,0,0
BRDA:92,14,1,0
BRDA:92,15,0,0
BRDA:92,15,1,0
BRDA:93,16,0,0
BRDA:93,16,1,0
BRF:34
BRH:0
end_of_record
TN:
SF:/usr/local/projects/gor.butler.ui.managerdashboard/src/components/gor-dropdown-component/list.js
FN:1,_interopRequireDefault
FN:4,(anonymous_1)
FN:7,(anonymous_2)
FN:19,(anonymous_3)
FN:24,(anonymous_4)
FN:27,(anonymous_5)
FNF:6
FNH:0
FNDA:0,_interopRequireDefault
FNDA:0,(anonymous_1)
FNDA:0,(anonymous_2)
FNDA:0,(anonymous_3)
FNDA:0,(anonymous_4)
FNDA:0,(anonymous_5)
DA:1,0
DA:5,0
DA:8,0
DA:9,0
DA:10,0
DA:12,0
DA:17,0
DA:20,0
DA:21,0
DA:25,0
DA:28,0
DA:29,0
LF:12
LH:0
BRDA:1,0,0,0
BRDA:1,0,1,0
BRDA:1,1,0,0
BRDA:1,1,1,0
BRDA:8,2,0,0
BRDA:8,2,1,0
BRDA:12,3,0,0
BRDA:12,3,1,0
BRDA:12,4,0,0
BRDA:12,4,1,0
BRDA:14,5,0,0
BRDA:14,5,1,0
BRDA:14,6,0,0
BRDA:14,6,1,0
BRDA:20,7,0,0
BRDA:20,7,1,0
BRDA:25,8,0,0
BRDA:25,8,1,0
BRDA:25,9,0,0
BRDA:25,9,1,0
BRDA:31,10,0,0
BRDA:31,10,1,0
BRF:22
BRH:0
end_of_record
TN:
SF:/usr/local/projects/gor.butler.ui.managerdashboard/src/components/gor-table-component/index.js
FN:19,_interopRequireDefault
FN:22,(anonymous_1)
FN:25,(anonymous_2)
FNF:3
FNH:0
FNDA:0,_interopRequireDefault
FNDA:0,(anonymous_1)
FNDA:0,(anonymous_2)
DA:1,0
DA:19,0
DA:23,0
DA:26,0
LF:4
LH:0
BRDA:19,0,0,0
BRDA:19,0,1,0
BRDA:19,1,0,0
BRDA:19,1,1,0
BRDA:26,2,0,0
BRDA:26,2,1,0
BRF:6
BRH:0
end_of_record
TN:
SF:/usr/local/projects/gor.butler.ui.managerdashboard/src/components/gor-table-component/noResultFound.js
FN:4,_interopRequireDefault
FN:6,(anonymous_1)
FN:9,(anonymous_2)
FNF:3
FNH:0
FNDA:0,_interopRequireDefault
FNDA:0,(anonymous_1)
FNDA:0,(anonymous_2)
DA:1,0
DA:4,0
DA:7,0
DA:10,0
LF:4
LH:0
BRDA:4,0,0,0
BRDA:4,0,1,0
BRDA:4,1,0,0
BRDA:4,1,1,0
BRF:4
BRH:0
end_of_record
TN:
SF:/usr/local/projects/gor.butler.ui.managerdashboard/src/components/gor-table-component/tableBody.js
FN:7,(anonymous_0)
FN:11,(anonymous_1)
FN:14,(anonymous_2)
FNF:3
FNH:0
FNDA:0,(anonymous_0)
FNDA:0,(anonymous_1)
FNDA:0,(anonymous_2)
DA:1,0
DA:8,0
DA:12,0
DA:14,0
LF:4
LH:0
BRDA:14,0,0,0
BRDA:14,0,1,0
BRDA:14,1,0,0
BRDA:14,1,1,0
BRDA:15,2,0,0
BRDA:15,3,0,0
BRDA:15,3,1,0
BRF:7
BRH:0
end_of_record
TN:
SF:/usr/local/projects/gor.butler.ui.managerdashboard/src/components/gor-table-component/tableHeader.js
FN:4,_interopRequireDefault
FN:6,(anonymous_1)
FN:9,(anonymous_2)
FN:19,(anonymous_3)
FN:23,(anonymous_4)
FNF:5
FNH:0
FNDA:0,_interopRequireDefault
FNDA:0,(anonymous_1)
FNDA:0,(anonymous_2)
FNDA:0,(anonymous_3)
FNDA:0,(anonymous_4)
DA:1,0
DA:4,0
DA:7,0
DA:10,0
DA:20,0
DA:24,0
DA:25,0
LF:7
LH:0
BRDA:4,0,0,0
BRDA:4,0,1,0
BRDA:4,1,0,0
BRDA:4,1,1,0
BRDA:10,2,0,0
BRDA:10,2,1,0
BRDA:25,3,0,0
BRDA:25,3,1,0
BRDA:25,4,0,0
BRDA:25,4,1,0
BRF:10
BRH:0
end_of_record
TN:
SF:/usr/local/projects/gor.butler.ui.managerdashboard/src/components/gor-table-component/tableRow.js
FN:9,_interopRequireDefault
FN:11,(anonymous_1)
FN:15,(anonymous_2)
FNF:3
FNH:0
FNDA:0,_interopRequireDefault
FNDA:0,(anonymous_1)
FNDA:0,(anonymous_2)
DA:1,0
DA:9,0
DA:12,0
DA:16,0
DA:17,0
DA:18,0
DA:19,0
DA:20,0
DA:21,0
DA:22,0
DA:26,0
DA:27,0
DA:29,0
LF:13
LH:0
BRDA:9,0,0,0
BRDA:9,0,1,0
BRDA:9,1,0,0
BRDA:9,1,1,0
BRDA:17,2,0,0
BRDA:17,2,1,0
BRDA:18,3,0,0
BRDA:18,3,1,0
BRDA:26,4,0,0
BRDA:26,4,1,0
BRDA:26,5,0,0
BRDA:26,5,1,0
BRF:12
BRH:0
end_of_record
TN:
SF:/usr/local/projects/gor.butler.ui.managerdashboard/src/components/gor-toastify/gor-toastify.js
FN:5,_interopRequireDefault
FN:12,(anonymous_1)
FNF:2
FNH:0
FNDA:0,_interopRequireDefault
FNDA:0,(anonymous_1)
DA:1,0
DA:5,0
DA:13,0
DA:20,0
LF:4
LH:0
BRDA:5,0,0,0
BRDA:5,0,1,0
BRDA:5,1,0,0
BRDA:5,1,1,0
BRF:4
BRH:0
end_of_record
TN:
SF:/usr/local/projects/gor.butler.ui.managerdashboard/src/components/gorPaginate/gorPaginate.js
FN:7,(anonymous_0)
FN:14,(anonymous_1)
FN:19,(anonymous_2)
FN:42,(anonymous_3)
FN:46,(anonymous_4)
FN:54,(anonymous_5)
FN:62,(anonymous_6)
FN:68,(anonymous_7)
FN:76,(anonymous_8)
FN:88,(anonymous_9)
FNF:10
FNH:0
FNDA:0,(anonymous_0)
FNDA:0,(anonymous_1)
FNDA:0,(anonymous_2)
FNDA:0,(anonymous_3)
FNDA:0,(anonymous_4)
FNDA:0,(anonymous_5)
FNDA:0,(anonymous_6)
FNDA:0,(anonymous_7)
FNDA:0,(anonymous_8)
FNDA:0,(anonymous_9)
DA:1,0
DA:9,0
DA:10,0
DA:11,0
DA:15,0
DA:16,0
DA:20,0
DA:21,0
DA:22,0
DA:23,0
DA:24,0
DA:25,0
DA:26,0
DA:29,0
DA:30,0
DA:33,0
DA:34,0
DA:37,0
DA:38,0
DA:43,0
DA:47,0
DA:48,0
DA:49,0
DA:50,0
DA:51,0
DA:55,0
DA:56,0
DA:57,0
DA:58,0
DA:59,0
DA:63,0
DA:64,0
DA:65,0
DA:69,0
DA:70,0
DA:71,0
DA:72,0
DA:77,0
DA:78,0
DA:79,0
DA:80,0
DA:88,0
LF:42
LH:0
BRDA:23,0,0,0
BRDA:23,0,1,0
BRDA:25,1,0,0
BRDA:25,1,1,0
BRDA:29,2,0,0
BRDA:29,2,1,0
BRDA:94,3,0,0
BRDA:94,3,1,0
BRDA:97,4,0,0
BRDA:97,4,1,0
BRDA:100,5,0,0
BRDA:100,5,1,0
BRDA:103,6,0,0
BRDA:103,6,1,0
BRF:14
BRH:0
end_of_record
TN:
SF:/usr/local/projects/gor.butler.ui.managerdashboard/src/components/gorPaginate/gorPaginateV2.js
FN:11,(anonymous_0)
FN:23,(anonymous_1)
FN:32,(anonymous_2)
FN:36,(anonymous_3)
FN:48,(anonymous_4)
FN:58,(anonymous_5)
FN:73,(anonymous_6)
FNF:7
FNH:0
FNDA:0,(anonymous_0)
FNDA:0,(anonymous_1)
FNDA:0,(anonymous_2)
FNDA:0,(anonymous_3)
FNDA:0,(anonymous_4)
FNDA:0,(anonymous_5)
FNDA:0,(anonymous_6)
DA:1,0
DA:12,0
DA:13,0
DA:15,0
DA:16,0
DA:18,0
DA:19,0
DA:20,0
DA:24,0
DA:26,0
DA:27,0
DA:29,0
DA:33,0
DA:37,0
DA:38,0
DA:39,0
DA:40,0
DA:44,0
DA:49,0
DA:50,0
DA:52,0
DA:59,0
DA:60,0
DA:61,0
DA:62,0
DA:63,0
DA:74,0
DA:109,0
LF:28
LH:0
BRDA:15,0,0,0
BRDA:15,0,1,0
BRDA:26,1,0,0
BRDA:26,1,1,0
BRDA:39,2,0,0
BRDA:39,2,1,0
BRDA:39,3,0,0
BRDA:39,3,1,0
BRDA:39,3,2,0
BRDA:49,4,0,0
BRDA:49,4,1,0
BRDA:66,5,0,0
BRDA:66,5,1,0
BRDA:73,6,0,0
BRDA:73,6,1,0
BRDA:83,7,0,0
BRDA:83,7,1,0
BRDA:84,8,0,0
BRDA:84,8,1,0
BRDA:84,9,0,0
BRDA:84,9,1,0
BRDA:88,10,0,0
BRDA:88,10,1,0
BRDA:89,11,0,0
BRDA:89,11,1,0
BRDA:89,12,0,0
BRDA:89,12,1,0
BRDA:93,13,0,0
BRDA:93,13,1,0
BRDA:94,14,0,0
BRDA:94,14,1,0
BRDA:94,15,0,0
BRDA:94,15,1,0
BRDA:98,16,0,0
BRDA:98,16,1,0
BRDA:99,17,0,0
BRDA:99,17,1,0
BRDA:99,18,0,0
BRDA:99,18,1,0
BRF:39
BRH:0
end_of_record
TN:
SF:/usr/local/projects/gor.butler.ui.managerdashboard/src/components/graphd3/graph_horizontal.js
FN:5,_interopRequireDefault
FN:18,(anonymous_1)
FN:24,(anonymous_2)
FN:40,(anonymous_3)
FN:45,update
FN:66,(anonymous_5)
FN:72,(anonymous_6)
FN:76,(anonymous_7)
FN:101,(anonymous_8)
FN:107,(anonymous_9)
FN:110,(anonymous_10)
FN:129,(anonymous_11)
FN:146,(anonymous_12)
FN:170,(anonymous_13)
FN:174,(anonymous_14)
FN:177,(anonymous_15)
FNF:16
FNH:0
FNDA:0,_interopRequireDefault
FNDA:0,(anonymous_1)
FNDA:0,(anonymous_2)
FNDA:0,(anonymous_3)
FNDA:0,update
FNDA:0,(anonymous_5)
FNDA:0,(anonymous_6)
FNDA:0,(anonymous_7)
FNDA:0,(anonymous_8)
FNDA:0,(anonymous_9)
FNDA:0,(anonymous_10)
FNDA:0,(anonymous_11)
FNDA:0,(anonymous_12)
FNDA:0,(anonymous_13)
FNDA:0,(anonymous_14)
FNDA:0,(anonymous_15)
DA:1,0
DA:5,0
DA:6,0
DA:9,0
DA:20,0
DA:21,0
DA:25,0
DA:26,0
DA:27,0
DA:29,0
DA:30,0
DA:31,0
DA:32,0
DA:33,0
DA:34,0
DA:35,0
DA:36,0
DA:37,0
DA:40,0
DA:41,0
DA:46,0
DA:47,0
DA:48,0
DA:49,0
DA:50,0
DA:53,0
DA:54,0
DA:59,0
DA:60,0
DA:66,0
DA:68,0
DA:73,0
DA:76,0
DA:78,0
DA:89,0
DA:97,0
DA:101,0
DA:106,0
DA:107,0
DA:111,0
DA:112,0
DA:116,0
DA:125,0
DA:130,0
DA:131,0
DA:135,0
DA:142,0
DA:147,0
DA:148,0
DA:156,0
DA:165,0
DA:171,0
DA:175,0
DA:178,0
DA:186,0
LF:55
LH:0
BRDA:5,0,0,0
BRDA:5,0,1,0
BRDA:5,1,0,0
BRDA:5,1,1,0
BRDA:33,2,0,0
BRDA:33,2,1,0
BRDA:48,3,0,0
BRDA:48,3,1,0
BRDA:48,4,0,0
BRDA:48,4,1,0
BRDA:111,5,0,0
BRDA:111,5,1,0
BRDA:130,6,0,0
BRDA:130,6,1,0
BRDA:147,7,0,0
BRDA:147,7,1,0
BRF:16
BRH:0
end_of_record
TN:
SF:/usr/local/projects/gor.butler.ui.managerdashboard/src/components/graphd3/graphd3.js
FN:7,_interopRequireDefault
FN:21,(anonymous_1)
FN:27,(anonymous_2)
FN:44,(anonymous_3)
FN:57,(anonymous_4)
FN:76,update
FN:83,(anonymous_6)
FN:94,(anonymous_7)
FN:100,(anonymous_8)
FN:140,(anonymous_9)
FN:144,(anonymous_10)
FN:146,(anonymous_11)
FN:148,(anonymous_12)
FN:151,(anonymous_13)
FN:155,(anonymous_14)
FN:158,(anonymous_15)
FN:159,(anonymous_16)
FN:169,(anonymous_17)
FN:190,(anonymous_18)
FN:206,make_y_axis
FN:214,(anonymous_20)
FN:218,(anonymous_21)
FN:222,(anonymous_22)
FN:231,mapStateToProps
FN:237,mapDispatchToProps
FN:239,barD3Component
FNF:26
FNH:0
FNDA:0,_interopRequireDefault
FNDA:0,(anonymous_1)
FNDA:0,(anonymous_2)
FNDA:0,(anonymous_3)
FNDA:0,(anonymous_4)
FNDA:0,update
FNDA:0,(anonymous_6)
FNDA:0,(anonymous_7)
FNDA:0,(anonymous_8)
FNDA:0,(anonymous_9)
FNDA:0,(anonymous_10)
FNDA:0,(anonymous_11)
FNDA:0,(anonymous_12)
FNDA:0,(anonymous_13)
FNDA:0,(anonymous_14)
FNDA:0,(anonymous_15)
FNDA:0,(anonymous_16)
FNDA:0,(anonymous_17)
FNDA:0,(anonymous_18)
FNDA:0,make_y_axis
FNDA:0,(anonymous_20)
FNDA:0,(anonymous_21)
FNDA:0,(anonymous_22)
FNDA:0,mapStateToProps
FNDA:0,mapDispatchToProps
FNDA:0,barD3Component
DA:1,0
DA:7,0
DA:9,0
DA:11,0
DA:23,0
DA:24,0
DA:28,0
DA:29,0
DA:31,0
DA:32,0
DA:33,0
DA:34,0
DA:35,0
DA:36,0
DA:39,0
DA:40,0
DA:41,0
DA:45,0
DA:46,0
DA:47,0
DA:48,0
DA:49,0
DA:50,0
DA:52,0
DA:54,0
DA:57,0
DA:58,0
DA:65,0
DA:67,0
DA:74,0
DA:77,0
DA:78,0
DA:80,0
DA:83,0
DA:84,0
DA:87,0
DA:88,0
DA:89,0
DA:90,0
DA:93,0
DA:94,0
DA:97,0
DA:100,0
DA:103,0
DA:110,0
DA:121,0
DA:133,0
DA:141,0
DA:144,0
DA:146,0
DA:149,0
DA:152,0
DA:156,0
DA:158,0
DA:159,0
DA:162,0
DA:163,0
DA:164,0
DA:165,0
DA:166,0
DA:167,0
DA:170,0
DA:174,0
DA:177,0
DA:180,0
DA:188,0
DA:191,0
DA:192,0
DA:193,0
DA:195,0
DA:196,0
DA:199,0
DA:207,0
DA:215,0
DA:219,0
DA:223,0
DA:232,0
DA:237,0
DA:238,0
DA:239,0
DA:243,0
LF:81
LH:0
BRDA:7,0,0,0
BRDA:7,0,1,0
BRDA:7,1,0,0
BRDA:7,1,1,0
BRDA:31,2,0,0
BRDA:31,2,1,0
BRDA:47,3,0,0
BRDA:47,3,1,0
BRDA:47,4,0,0
BRDA:47,4,1,0
BRDA:47,4,2,0
BRDA:49,5,0,0
BRDA:49,5,1,0
BRDA:88,6,0,0
BRDA:88,6,1,0
BRDA:93,7,0,0
BRDA:93,7,1,0
BRDA:152,8,0,0
BRDA:152,8,1,0
BRDA:195,9,0,0
BRDA:195,9,1,0
BRDA:196,10,0,0
BRDA:196,10,1,0
BRDA:233,11,0,0
BRDA:233,11,1,0
BRF:25
BRH:0
end_of_record
TN:
SF:/usr/local/projects/gor.butler.ui.managerdashboard/src/components/graphd3/histogram.js
FN:3,_interopRequireDefault
FN:9,(anonymous_1)
FN:17,(anonymous_2)
FN:21,(anonymous_3)
FN:28,(anonymous_4)
FN:38,(anonymous_5)
FN:52,adjustTicks
FN:81,(anonymous_7)
FN:83,(anonymous_8)
FN:86,(anonymous_9)
FN:117,(anonymous_10)
FN:118,(anonymous_11)
FN:120,(anonymous_12)
FN:121,(anonymous_13)
FN:151,(anonymous_14)
FNF:15
FNH:0
FNDA:0,_interopRequireDefault
FNDA:0,(anonymous_1)
FNDA:0,(anonymous_2)
FNDA:0,(anonymous_3)
FNDA:0,(anonymous_4)
FNDA:0,(anonymous_5)
FNDA:0,adjustTicks
FNDA:0,(anonymous_7)
FNDA:0,(anonymous_8)
FNDA:0,(anonymous_9)
FNDA:0,(anonymous_10)
FNDA:0,(anonymous_11)
FNDA:0,(anonymous_12)
FNDA:0,(anonymous_13)
FNDA:0,(anonymous_14)
DA:1,0
DA:3,0
DA:6,0
DA:11,0
DA:12,0
DA:19,0
DA:22,0
DA:23,0
DA:24,0
DA:25,0
DA:29,0
DA:30,0
DA:32,0
DA:40,0
DA:41,0
DA:42,0
DA:44,0
DA:45,0
DA:46,0
DA:47,0
DA:48,0
DA:52,0
DA:53,0
DA:54,0
DA:55,0
DA:56,0
DA:58,0
DA:59,0
DA:64,0
DA:66,0
DA:67,0
DA:71,0
DA:76,0
DA:81,0
DA:82,0
DA:83,0
DA:86,0
DA:90,0
DA:99,0
DA:106,0
DA:111,0
DA:117,0
DA:118,0
DA:120,0
DA:122,0
DA:123,0
DA:124,0
DA:125,0
DA:127,0
DA:128,0
DA:129,0
DA:131,0
DA:132,0
DA:133,0
DA:134,0
DA:135,0
DA:136,0
DA:137,0
DA:140,0
DA:141,0
DA:147,0
DA:153,0
DA:154,0
DA:162,0
LF:64
LH:0
BRDA:3,0,0,0
BRDA:3,0,1,0
BRDA:3,1,0,0
BRDA:3,1,1,0
BRDA:29,2,0,0
BRDA:29,2,1,0
BRDA:29,3,0,0
BRDA:29,3,1,0
BRDA:41,4,0,0
BRDA:41,4,1,0
BRDA:56,5,0,0
BRDA:56,5,1,0
BRDA:82,6,0,0
BRDA:82,6,1,0
BRDA:82,7,0,0
BRDA:82,7,1,0
BRDA:128,8,0,0
BRDA:128,8,1,0
BRDA:128,9,0,0
BRDA:128,9,1,0
BRDA:129,10,0,0
BRDA:129,10,1,0
BRDA:131,11,0,0
BRDA:131,11,1,0
BRDA:131,12,0,0
BRDA:131,12,1,0
BRF:26
BRH:0
end_of_record
TN:
SF:/usr/local/projects/gor.butler.ui.managerdashboard/src/components/graphd3/multiLineGraph.js
FN:9,_interopRequireWildcard
FN:9,_interopRequireDefault
FN:15,(anonymous_2)
FN:28,(anonymous_3)
FN:46,(anonymous_4)
FN:72,(anonymous_5)
FN:79,(anonymous_6)
FN:80,(anonymous_7)
FN:84,(anonymous_8)
FN:85,(anonymous_9)
FN:95,(anonymous_10)
FN:99,(anonymous_11)
FN:102,(anonymous_12)
FN:145,(anonymous_13)
FN:153,(anonymous_14)
FN:166,(anonymous_15)
FN:174,(anonymous_16)
FN:209,(anonymous_17)
FN:212,(anonymous_18)
FN:216,(anonymous_19)
FN:224,(anonymous_20)
FNF:21
FNH:0
FNDA:0,_interopRequireWildcard
FNDA:0,_interopRequireDefault
FNDA:0,(anonymous_2)
FNDA:0,(anonymous_3)
FNDA:0,(anonymous_4)
FNDA:0,(anonymous_5)
FNDA:0,(anonymous_6)
FNDA:0,(anonymous_7)
FNDA:0,(anonymous_8)
FNDA:0,(anonymous_9)
FNDA:0,(anonymous_10)
FNDA:0,(anonymous_11)
FNDA:0,(anonymous_12)
FNDA:0,(anonymous_13)
FNDA:0,(anonymous_14)
FNDA:0,(anonymous_15)
FNDA:0,(anonymous_16)
FNDA:0,(anonymous_17)
FNDA:0,(anonymous_18)
FNDA:0,(anonymous_19)
FNDA:0,(anonymous_20)
DA:1,0
DA:9,0
DA:12,0
DA:16,0
DA:18,0
DA:29,0
DA:30,0
DA:31,0
DA:33,0
DA:35,0
DA:36,0
DA:37,0
DA:38,0
DA:39,0
DA:41,0
DA:45,0
DA:46,0
DA:47,0
DA:48,0
DA:49,0
DA:50,0
DA:51,0
DA:53,0
DA:58,0
DA:59,0
DA:60,0
DA:61,0
DA:66,0
DA:67,0
DA:72,0
DA:74,0
DA:77,0
DA:79,0
DA:80,0
DA:82,0
DA:84,0
DA:85,0
DA:87,0
DA:90,0
DA:95,0
DA:96,0
DA:98,0
DA:99,0
DA:102,0
DA:106,0
DA:115,0
DA:116,0
DA:121,0
DA:127,0
DA:133,0
DA:137,0
DA:138,0
DA:146,0
DA:149,0
DA:154,0
DA:159,0
DA:167,0
DA:170,0
DA:175,0
DA:183,0
DA:189,0
DA:190,0
DA:191,0
DA:192,0
DA:193,0
DA:194,0
DA:196,0
DA:197,0
DA:202,0
DA:205,0
DA:210,0
DA:213,0
DA:217,0
DA:218,0
DA:220,0
DA:225,0
DA:227,0
DA:234,0
DA:238,0
LF:79
LH:0
BRDA:9,0,0,0
BRDA:9,0,1,0
BRDA:9,1,0,0
BRDA:9,1,1,0
BRDA:9,2,0,0
BRDA:9,2,1,0
BRDA:9,3,0,0
BRDA:9,3,1,0
BRDA:9,4,0,0
BRDA:9,4,1,0
BRDA:9,5,0,0
BRDA:9,5,1,0
BRDA:30,6,0,0
BRDA:30,6,1,0
BRDA:66,7,0,0
BRDA:66,7,1,0
BRDA:98,8,0,0
BRDA:98,8,1,0
BRDA:115,9,0,0
BRDA:115,9,1,0
BRDA:137,10,0,0
BRDA:137,10,1,0
BRDA:190,11,0,0
BRDA:190,11,1,0
BRDA:217,12,0,0
BRDA:217,12,1,0
BRDA:217,13,0,0
BRDA:217,13,1,0
BRF:28
BRH:0
end_of_record
TN:
SF:/usr/local/projects/gor.butler.ui.managerdashboard/src/components/graphd3/stackedChartHorizontal.js
FN:5,_interopRequireDefault
FN:23,(anonymous_1)
FN:31,(anonymous_2)
FN:34,(anonymous_3)
FN:37,(anonymous_4)
FN:45,(anonymous_5)
FN:116,(anonymous_6)
FNF:7
FNH:0
FNDA:0,_interopRequireDefault
FNDA:0,(anonymous_1)
FNDA:0,(anonymous_2)
FNDA:0,(anonymous_3)
FNDA:0,(anonymous_4)
FNDA:0,(anonymous_5)
FNDA:0,(anonymous_6)
DA:1,0
DA:5,0
DA:8,0
DA:19,0
DA:25,0
DA:26,0
DA:32,0
DA:35,0
DA:38,0
DA:39,0
DA:41,0
DA:46,0
DA:47,0
DA:48,0
DA:53,0
DA:54,0
DA:55,0
DA:56,0
DA:57,0
DA:58,0
DA:59,0
DA:61,0
DA:62,0
DA:64,0
DA:71,0
DA:73,0
DA:79,0
DA:86,0
DA:87,0
DA:88,0
DA:89,0
DA:91,0
DA:92,0
DA:94,0
DA:101,0
DA:107,0
DA:113,0
DA:118,0
DA:126,0
DA:130,0
LF:40
LH:0
BRDA:5,0,0,0
BRDA:5,0,1,0
BRDA:5,1,0,0
BRDA:5,1,1,0
BRDA:38,2,0,0
BRDA:38,2,1,0
BRDA:53,3,0,0
BRDA:53,3,1,0
BRDA:55,4,0,0
BRDA:55,4,1,0
BRDA:56,5,0,0
BRDA:56,5,1,0
BRDA:57,6,0,0
BRDA:57,6,1,0
BRDA:61,7,0,0
BRDA:61,7,1,0
BRDA:67,8,0,0
BRDA:67,8,1,0
BRDA:71,9,0,0
BRDA:71,9,1,0
BRDA:86,10,0,0
BRDA:86,10,1,0
BRDA:88,11,0,0
BRDA:88,11,1,0
BRDA:91,12,0,0
BRDA:91,12,1,0
BRF:26
BRH:0
end_of_record
TN:
SF:/usr/local/projects/gor.butler.ui.managerdashboard/src/components/graphd3/toDelete.js
FN:17,initialize
FN:70,(anonymous_1)
FN:76,(anonymous_2)
FN:91,dataBind
FN:107,(anonymous_4)
FN:122,(anonymous_5)
FN:126,insert
FN:129,(anonymous_7)
FN:135,exit
FN:143,dataBind
FN:156,(anonymous_10)
FN:158,insert
FN:162,(anonymous_12)
FN:166,(anonymous_13)
FN:171,exit
FN:179,onEnter
FN:180,(anonymous_16)
FN:183,(anonymous_17)
FN:187,(anonymous_18)
FN:191,(anonymous_19)
FN:202,max
FN:214,yFormat
FN:222,width
FN:241,height
FN:287,transform
FN:288,(anonymous_25)
FN:298,(anonymous_26)
FN:304,(anonymous_27)
FNF:28
FNH:0
FNDA:0,initialize
FNDA:0,(anonymous_1)
FNDA:0,(anonymous_2)
FNDA:0,dataBind
FNDA:0,(anonymous_4)
FNDA:0,(anonymous_5)
FNDA:0,insert
FNDA:0,(anonymous_7)
FNDA:0,exit
FNDA:0,dataBind
FNDA:0,(anonymous_10)
FNDA:0,insert
FNDA:0,(anonymous_12)
FNDA:0,(anonymous_13)
FNDA:0,exit
FNDA:0,onEnter
FNDA:0,(anonymous_16)
FNDA:0,(anonymous_17)
FNDA:0,(anonymous_18)
FNDA:0,(anonymous_19)
FNDA:0,max
FNDA:0,yFormat
FNDA:0,width
FNDA:0,height
FNDA:0,transform
FNDA:0,(anonymous_25)
FNDA:0,(anonymous_26)
FNDA:0,(anonymous_27)
DA:15,0
DA:18,0
DA:23,0
DA:32,0
DA:33,0
DA:35,0
DA:39,0
DA:42,0
DA:54,0
DA:61,0
DA:66,0
DA:70,0
DA:71,0
DA:72,0
DA:73,0
DA:76,0
DA:77,0
DA:78,0
DA:80,0
DA:82,0
DA:88,0
DA:93,0
DA:96,0
DA:99,0
DA:103,0
DA:106,0
DA:107,0
DA:109,0
DA:112,0
DA:118,0
DA:121,0
DA:123,0
DA:127,0
DA:130,0
DA:136,0
DA:142,0
DA:145,0
DA:155,0
DA:156,0
DA:159,0
DA:163,0
DA:167,0
DA:172,0
DA:179,0
DA:180,0
DA:181,0
DA:184,0
DA:188,0
DA:192,0
DA:196,0
DA:197,0
DA:203,0
DA:204,0
DA:207,0
DA:209,0
DA:211,0
DA:215,0
DA:216,0
DA:218,0
DA:219,0
DA:223,0
DA:224,0
DA:227,0
DA:230,0
DA:233,0
DA:235,0
DA:236,0
DA:238,0
DA:242,0
DA:243,0
DA:247,0
DA:250,0
DA:253,0
DA:255,0
DA:256,0
DA:257,0
DA:261,0
DA:268,0
DA:288,0
DA:289,0
DA:294,0
DA:298,0
DA:299,0
DA:300,0
DA:304,0
DA:305,0
DA:306,0
LF:87
LH:0
BRDA:106,0,0,0
BRDA:106,0,1,0
BRDA:116,1,0,0
BRDA:116,1,1,0
BRDA:203,2,0,0
BRDA:203,2,1,0
BRDA:209,3,0,0
BRDA:209,3,1,0
BRDA:215,4,0,0
BRDA:215,4,1,0
BRDA:223,5,0,0
BRDA:223,5,1,0
BRDA:236,6,0,0
BRDA:236,6,1,0
BRDA:242,7,0,0
BRDA:242,7,1,0
BRDA:256,8,0,0
BRDA:256,8,1,0
BRF:18
BRH:0
end_of_record
TN:
SF:/usr/local/projects/gor.butler.ui.managerdashboard/src/components/hamburger/hamburger.js
FN:2,_interopRequireDefault
FN:4,(anonymous_1)
FN:11,(anonymous_2)
FN:17,(anonymous_3)
FN:21,(anonymous_4)
FN:27,(anonymous_5)
FN:32,(anonymous_6)
FNF:7
FNH:0
FNDA:0,_interopRequireDefault
FNDA:0,(anonymous_1)
FNDA:0,(anonymous_2)
FNDA:0,(anonymous_3)
FNDA:0,(anonymous_4)
FNDA:0,(anonymous_5)
FNDA:0,(anonymous_6)
DA:1,0
DA:2,0
DA:6,0
DA:7,0
DA:8,0
DA:9,0
DA:12,0
DA:13,0
DA:18,0
DA:19,0
DA:22,0
DA:23,0
DA:24,0
DA:28,0
DA:29,0
DA:33,0
DA:42,0
LF:17
LH:0
BRDA:2,0,0,0
BRDA:2,0,1,0
BRDA:2,1,0,0
BRDA:2,1,1,0
BRDA:28,2,0,0
BRDA:28,2,1,0
BRF:6
BRH:0
end_of_record
TN:
SF:/usr/local/projects/gor.butler.ui.managerdashboard/src/components/header/header.js
FN:16,_interopRequireDefault
FN:22,(anonymous_1)
FN:38,(anonymous_2)
FN:48,(anonymous_3)
FN:63,(anonymous_4)
FN:68,(anonymous_5)
FN:75,(anonymous_6)
FN:79,(anonymous_7)
FN:85,(anonymous_8)
FN:95,(anonymous_9)
FN:104,(anonymous_10)
FN:128,(anonymous_11)
FN:244,(anonymous_12)
FN:273,(anonymous_13)
FN:292,(anonymous_14)
FN:319,mapStateToProps
FN:337,mapDispatchToProps
FN:339,getHeaderInfo
FN:342,getShiftStartTime
FNF:19
FNH:0
FNDA:0,_interopRequireDefault
FNDA:0,(anonymous_1)
FNDA:0,(anonymous_2)
FNDA:0,(anonymous_3)
FNDA:0,(anonymous_4)
FNDA:0,(anonymous_5)
FNDA:0,(anonymous_6)
FNDA:0,(anonymous_7)
FNDA:0,(anonymous_8)
FNDA:0,(anonymous_9)
FNDA:0,(anonymous_10)
FNDA:0,(anonymous_11)
FNDA:0,(anonymous_12)
FNDA:0,(anonymous_13)
FNDA:0,(anonymous_14)
FNDA:0,mapStateToProps
FNDA:0,mapDispatchToProps
FNDA:0,getHeaderInfo
FNDA:0,getShiftStartTime
DA:1,0
DA:16,0
DA:23,0
DA:25,0
DA:26,0
DA:27,0
DA:28,0
DA:39,0
DA:45,0
DA:49,0
DA:50,0
DA:51,0
DA:57,0
DA:58,0
DA:64,0
DA:65,0
DA:69,0
DA:70,0
DA:76,0
DA:80,0
DA:81,0
DA:105,0
DA:106,0
DA:107,0
DA:108,0
DA:109,0
DA:115,0
DA:122,0
DA:129,0
DA:131,0
DA:132,0
DA:142,0
DA:143,0
DA:163,0
DA:164,0
DA:177,0
DA:178,0
DA:195,0
DA:196,0
DA:218,0
DA:245,0
DA:274,0
DA:293,0
DA:312,0
DA:320,0
DA:338,0
DA:340,0
DA:343,0
LF:48
LH:0
BRDA:16,0,0,0
BRDA:16,0,1,0
BRDA:16,1,0,0
BRDA:16,1,1,0
BRDA:50,2,0,0
BRDA:50,2,1,0
BRDA:50,3,0,0
BRDA:50,3,1,0
BRDA:80,4,0,0
BRDA:80,4,1,0
BRDA:106,5,0,0
BRDA:106,5,1,0
BRDA:106,6,0,0
BRDA:106,6,1,0
BRDA:108,7,0,0
BRDA:108,7,1,0
BRDA:108,8,0,0
BRDA:108,8,1,0
BRDA:109,9,0,0
BRDA:109,9,1,0
BRDA:131,10,0,0
BRDA:131,10,1,0
BRDA:142,11,0,0
BRDA:142,11,1,0
BRDA:163,13,0,0
BRDA:163,13,1,0
BRDA:171,14,0,0
BRDA:171,14,1,0
BRDA:172,15,0,0
BRDA:172,15,1,0
BRDA:177,16,0,0
BRDA:177,16,1,0
BRDA:177,17,0,0
BRDA:177,17,1,0
BRDA:185,19,0,0
BRDA:185,19,1,0
BRDA:195,20,0,0
BRDA:195,20,1,0
BRDA:195,21,0,0
BRDA:195,21,1,0
BRDA:251,24,0,0
BRDA:251,24,1,0
BRDA:252,25,0,0
BRDA:252,25,1,0
BRDA:256,26,0,0
BRDA:256,26,1,0
BRDA:279,27,0,0
BRDA:279,27,1,0
BRDA:283,28,0,0
BRDA:283,28,1,0
BRDA:292,29,0,0
BRDA:325,30,0,0
BRDA:325,30,1,0
BRDA:326,31,0,0
BRDA:326,31,1,0
BRDA:328,32,0,0
BRDA:328,32,1,0
BRDA:329,33,0,0
BRDA:329,33,1,0
BRDA:330,34,0,0
BRDA:330,34,1,0
BRF:61
BRH:0
end_of_record
TN:
SF:/usr/local/projects/gor.butler.ui.managerdashboard/src/components/health/Health.js
FN:6,(anonymous_0)
FNF:1
FNH:0
FNDA:0,(anonymous_0)
DA:1,0
DA:7,0
LF:2
LH:0
BRF:0
BRH:0
end_of_record
TN:
SF:/usr/local/projects/gor.butler.ui.managerdashboard/src/components/health/healthTabs.js
FN:2,_interopRequireDefault
FN:6,(anonymous_1)
FNF:2
FNH:0
FNDA:0,_interopRequireDefault
FNDA:0,(anonymous_1)
DA:1,0
DA:2,0
DA:7,0
LF:3
LH:0
BRDA:2,0,0,0
BRDA:2,0,1,0
BRDA:2,1,0,0
BRDA:2,1,1,0
BRF:4
BRH:0
end_of_record
TN:
SF:/usr/local/projects/gor.butler.ui.managerdashboard/src/components/inventory/inventory.js
FN:22,(anonymous_0)
FN:32,(anonymous_1)
FN:43,(anonymous_2)
FN:50,(anonymous_3)
FNF:4
FNH:0
FNDA:0,(anonymous_0)
FNDA:0,(anonymous_1)
FNDA:0,(anonymous_2)
FNDA:0,(anonymous_3)
DA:1,0
DA:24,0
DA:27,0
DA:32,0
DA:37,0
DA:43,0
DA:50,0
DA:57,0
DA:103,0
LF:9
LH:0
BRDA:24,0,0,0
BRDA:24,0,1,0
BRDA:90,1,0,0
BRDA:90,1,1,0
BRDA:91,2,0,0
BRDA:91,2,1,0
BRDA:92,3,0,0
BRDA:92,3,1,0
BRF:8
BRH:0
end_of_record
TN:
SF:/usr/local/projects/gor.butler.ui.managerdashboard/src/components/inventory/itemCategoryTable.js
FN:14,(anonymous_0)
FN:22,(anonymous_1)
FN:26,(anonymous_2)
FNF:3
FNH:0
FNDA:0,(anonymous_0)
FNDA:0,(anonymous_1)
FNDA:0,(anonymous_2)
DA:1,0
DA:15,0
DA:16,0
DA:18,0
DA:24,0
DA:25,0
DA:26,0
DA:27,0
DA:28,0
DA:41,0
DA:67,0
LF:11
LH:0
BRDA:15,0,0,0
BRDA:15,0,1,0
BRDA:15,1,0,0
BRDA:15,1,1,0
BRDA:24,2,0,0
BRDA:24,2,1,0
BRDA:27,3,0,0
BRDA:32,4,0,0
BRDA:32,4,1,0
BRDA:34,5,0,0
BRDA:34,5,1,0
BRDA:35,6,0,0
BRDA:35,6,1,0
BRF:13
BRH:0
end_of_record
TN:
SF:/usr/local/projects/gor.butler.ui.managerdashboard/src/components/inventory/pickPutLineGraph.js
FN:43,(anonymous_0)
FN:62,(anonymous_1)
FN:70,(anonymous_2)
FN:73,(anonymous_3)
FNF:4
FNH:0
FNDA:0,(anonymous_0)
FNDA:0,(anonymous_1)
FNDA:0,(anonymous_2)
FNDA:0,(anonymous_3)
DA:1,0
DA:11,0
DA:44,0
DA:45,0
DA:47,0
DA:48,0
DA:49,0
DA:59,0
DA:62,0
DA:63,0
DA:64,0
DA:68,0
DA:71,0
DA:74,0
DA:75,0
DA:76,0
DA:77,0
DA:78,0
DA:79,0
DA:86,0
DA:92,0
LF:21
LH:0
BRDA:64,0,0,0
BRDA:64,0,1,0
BRDA:64,1,0,0
BRDA:64,1,1,0
BRDA:81,2,0,0
BRDA:81,2,1,0
BRF:6
BRH:0
end_of_record
TN:
SF:/usr/local/projects/gor.butler.ui.managerdashboard/src/components/inventory/snapShot.js
FN:12,(anonymous_0)
FN:20,(anonymous_1)
FNF:2
FNH:0
FNDA:0,(anonymous_0)
FNDA:0,(anonymous_1)
DA:1,0
DA:13,0
DA:14,0
DA:16,0
DA:22,0
DA:24,0
DA:25,0
DA:26,0
DA:29,0
DA:30,0
DA:31,0
DA:33,0
DA:78,0
LF:13
LH:0
BRDA:13,0,0,0
BRDA:13,0,1,0
BRDA:13,1,0,0
BRDA:13,1,1,0
BRDA:22,2,0,0
BRDA:22,2,1,0
BRDA:24,3,0,0
BRDA:24,3,1,0
BRDA:29,4,0,0
BRDA:29,4,1,0
BRDA:42,5,0,0
BRDA:42,5,1,0
BRDA:46,6,0,0
BRDA:46,6,1,0
BRDA:50,7,0,0
BRDA:50,7,1,0
BRDA:56,8,0,0
BRDA:56,8,1,0
BRDA:61,9,0,0
BRDA:61,9,1,0
BRDA:65,10,0,0
BRDA:65,10,1,0
BRF:22
BRH:0
end_of_record
TN:
SF:/usr/local/projects/gor.butler.ui.managerdashboard/src/components/legend/legend.js
FN:5,_interopRequireDefault
FN:11,(anonymous_1)
FN:15,(anonymous_2)
FN:19,(anonymous_3)
FN:27,(anonymous_4)
FNF:5
FNH:0
FNDA:0,_interopRequireDefault
FNDA:0,(anonymous_1)
FNDA:0,(anonymous_2)
FNDA:0,(anonymous_3)
FNDA:0,(anonymous_4)
DA:1,0
DA:5,0
DA:12,0
DA:16,0
DA:17,0
DA:18,0
DA:19,0
DA:20,0
DA:24,0
DA:28,0
DA:29,0
DA:36,0
DA:39,0
LF:13
LH:0
BRDA:5,0,0,0
BRDA:5,0,1,0
BRDA:5,1,0,0
BRDA:5,1,1,0
BRDA:17,2,0,0
BRDA:17,2,1,0
BRDA:18,3,0,0
BRDA:18,3,1,0
BRF:8
BRH:0
end_of_record
TN:
SF:/usr/local/projects/gor.butler.ui.managerdashboard/src/components/legend/legendElement.js
FN:11,(anonymous_0)
FN:47,(anonymous_1)
FNF:2
FNH:0
FNDA:0,(anonymous_0)
FNDA:0,(anonymous_1)
DA:1,0
DA:12,0
DA:14,0
DA:15,0
DA:17,0
DA:18,0
DA:24,0
DA:26,0
DA:27,0
DA:33,0
DA:35,0
DA:36,0
DA:43,0
DA:50,0
DA:56,0
DA:62,0
LF:16
LH:0
BRDA:15,0,0,0
BRDA:15,0,1,0
BRDA:15,0,2,0
BRF:3
BRH:0
end_of_record
TN:
SF:/usr/local/projects/gor.butler.ui.managerdashboard/src/components/list/list.js
FN:2,_interopRequireDefault
FN:7,(anonymous_1)
FN:18,(anonymous_2)
FNF:3
FNH:0
FNDA:0,_interopRequireDefault
FNDA:0,(anonymous_1)
FNDA:0,(anonymous_2)
DA:1,0
DA:2,0
DA:8,0
DA:9,0
DA:10,0
DA:13,0
DA:15,0
DA:19,0
DA:20,0
DA:33,0
LF:10
LH:0
BRDA:2,0,0,0
BRDA:2,0,1,0
BRDA:2,1,0,0
BRDA:2,1,1,0
BRF:4
BRH:0
end_of_record
TN:
SF:/usr/local/projects/gor.butler.ui.managerdashboard/src/components/list/listItem.js
FN:1,_interopRequireDefault
FN:5,(anonymous_1)
FNF:2
FNH:0
FNDA:0,_interopRequireDefault
FNDA:0,(anonymous_1)
DA:1,0
DA:6,0
LF:2
LH:0
BRDA:1,0,0,0
BRDA:1,0,1,0
BRDA:1,1,0,0
BRDA:1,1,1,0
BRF:4
BRH:0
end_of_record
TN:
SF:/usr/local/projects/gor.butler.ui.managerdashboard/src/components/login/login.js
FN:21,(anonymous_0)
FN:33,(anonymous_1)
FN:38,(anonymous_2)
FN:46,(anonymous_3)
FN:64,(anonymous_4)
FN:76,(anonymous_5)
FN:88,(anonymous_6)
FN:117,mapStateToProps
FN:130,mapDispatchToProps
FN:133,updateIntl
FN:134,resetForm
FN:135,setLoginSpinner
FNF:12
FNH:0
FNDA:0,(anonymous_0)
FNDA:0,(anonymous_1)
FNDA:0,(anonymous_2)
FNDA:0,(anonymous_3)
FNDA:0,(anonymous_4)
FNDA:0,(anonymous_5)
FNDA:0,(anonymous_6)
FNDA:0,mapStateToProps
FNDA:0,mapDispatchToProps
FNDA:0,updateIntl
FNDA:0,resetForm
FNDA:0,setLoginSpinner
DA:1,0
DA:23,0
DA:24,0
DA:35,0
DA:36,0
DA:40,0
DA:42,0
DA:43,0
DA:51,0
DA:53,0
DA:54,0
DA:55,0
DA:65,0
DA:66,0
DA:68,0
DA:72,0
DA:73,0
DA:74,0
DA:77,0
DA:88,0
DA:112,0
DA:118,0
DA:130,0
DA:132,0
DA:133,0
DA:134,0
DA:135,0
LF:27
LH:0
BRDA:42,0,0,0
BRDA:42,0,1,0
BRDA:51,1,0,0
BRDA:51,1,1,0
BRDA:65,2,0,0
BRDA:65,2,1,0
BRDA:120,3,0,0
BRDA:120,3,1,0
BRF:8
BRH:0
end_of_record
TN:
SF:/usr/local/projects/gor.butler.ui.managerdashboard/src/components/login/loginForm.js
FN:12,(anonymous_0)
FN:16,(anonymous_1)
FN:22,(anonymous_2)
FN:28,(anonymous_3)
FN:34,(anonymous_4)
FN:67,(anonymous_5)
FN:70,(anonymous_6)
FN:71,(anonymous_7)
FN:89,(anonymous_8)
FN:93,(anonymous_9)
FN:105,(anonymous_10)
FN:109,(anonymous_11)
FN:127,mapStateToProps
FN:136,mapDispatchToProps
FN:138,authLoginData
FN:139,validateID
FN:140,validatePass
FN:141,setLoginSpinner
FN:142,setUsername
FN:143,loginError
FNF:20
FNH:0
FNDA:0,(anonymous_0)
FNDA:0,(anonymous_1)
FNDA:0,(anonymous_2)
FNDA:0,(anonymous_3)
FNDA:0,(anonymous_4)
FNDA:0,(anonymous_5)
FNDA:0,(anonymous_6)
FNDA:0,(anonymous_7)
FNDA:0,(anonymous_8)
FNDA:0,(anonymous_9)
FNDA:0,(anonymous_10)
FNDA:0,(anonymous_11)
FNDA:0,mapStateToProps
FNDA:0,mapDispatchToProps
FNDA:0,authLoginData
FNDA:0,validateID
FNDA:0,validatePass
FNDA:0,setLoginSpinner
FNDA:0,setUsername
FNDA:0,loginError
DA:1,0
DA:14,0
DA:17,0
DA:18,0
DA:19,0
DA:20,0
DA:23,0
DA:24,0
DA:26,0
DA:29,0
DA:30,0
DA:31,0
DA:32,0
DA:35,0
DA:36,0
DA:38,0
DA:39,0
DA:41,0
DA:43,0
DA:44,0
DA:45,0
DA:46,0
DA:48,0
DA:53,0
DA:61,0
DA:62,0
DA:63,0
DA:64,0
DA:69,0
DA:70,0
DA:71,0
DA:89,0
DA:93,0
DA:105,0
DA:109,0
DA:128,0
DA:137,0
DA:138,0
DA:139,0
DA:140,0
DA:141,0
DA:142,0
DA:143,0
LF:43
LH:0
BRDA:23,0,0,0
BRDA:23,0,1,0
BRDA:36,1,0,0
BRDA:36,1,1,0
BRDA:41,2,0,0
BRDA:41,2,1,0
BRDA:41,3,0,0
BRDA:41,3,1,0
BRDA:43,4,0,0
BRDA:43,4,1,0
BRDA:45,5,0,0
BRDA:45,5,1,0
BRDA:85,6,0,0
BRDA:89,7,0,0
BRDA:89,7,1,0
BRDA:89,8,0,0
BRDA:89,8,1,0
BRDA:90,9,0,0
BRDA:90,9,1,0
BRDA:90,10,0,0
BRDA:90,10,1,0
BRDA:98,11,0,0
BRDA:98,11,1,0
BRDA:98,12,0,0
BRDA:105,13,0,0
BRDA:105,13,1,0
BRDA:105,14,0,0
BRDA:105,14,1,0
BRDA:106,15,0,0
BRDA:106,15,1,0
BRDA:106,16,0,0
BRDA:106,16,1,0
BRDA:112,17,0,0
BRDA:112,17,1,0
BRDA:112,18,0,0
BRDA:129,19,0,0
BRDA:129,19,1,0
BRDA:130,20,0,0
BRDA:130,20,1,0
BRDA:131,21,0,0
BRDA:131,21,1,0
BRDA:132,22,0,0
BRDA:132,22,1,0
BRF:43
BRH:0
end_of_record
TN:
SF:/usr/local/projects/gor.butler.ui.managerdashboard/src/components/login/messages.js
FNF:0
FNH:0
DA:1,0
DA:3,0
LF:2
LH:0
BRF:0
BRH:0
end_of_record
TN:
SF:/usr/local/projects/gor.butler.ui.managerdashboard/src/components/notifications/RowDataLoader.js
FN:9,(anonymous_0)
FN:16,(anonymous_1)
FN:25,(anonymous_2)
FN:30,(anonymous_3)
FN:38,(anonymous_4)
FN:39,(anonymous_5)
FN:48,(anonymous_6)
FN:59,(anonymous_7)
FN:60,(anonymous_8)
FN:66,makeFancyFakeRequest
FN:76,(anonymous_10)
FNF:11
FNH:0
FNDA:0,(anonymous_0)
FNDA:0,(anonymous_1)
FNDA:0,(anonymous_2)
FNDA:0,(anonymous_3)
FNDA:0,(anonymous_4)
FNDA:0,(anonymous_5)
FNDA:0,(anonymous_6)
FNDA:0,(anonymous_7)
FNDA:0,(anonymous_8)
FNDA:0,makeFancyFakeRequest
FNDA:0,(anonymous_10)
DA:1,0
DA:3,0
DA:5,0
DA:6,0
DA:10,0
DA:11,0
DA:12,0
DA:13,0
DA:17,0
DA:18,0
DA:19,0
DA:22,0
DA:26,0
DA:27,0
DA:31,0
DA:33,0
DA:34,0
DA:39,0
DA:40,0
DA:41,0
DA:42,0
DA:45,0
DA:48,0
DA:49,0
DA:55,0
DA:56,0
DA:60,0
DA:61,0
DA:62,0
DA:67,0
DA:68,0
DA:74,0
DA:76,0
DA:77,0
DA:78,0
DA:79,0
DA:81,0
LF:37
LH:0
BRDA:17,0,0,0
BRDA:17,0,1,0
BRDA:33,1,0,0
BRDA:33,1,1,0
BRDA:41,2,0,0
BRDA:41,2,1,0
BRF:6
BRH:0
end_of_record
TN:
SF:/usr/local/projects/gor.butler.ui.managerdashboard/src/components/notifications/notificationDescription.js
FN:5,_interopRequireDefault
FN:12,(anonymous_1)
FNF:2
FNH:0
FNDA:0,_interopRequireDefault
FNDA:0,(anonymous_1)
DA:1,0
DA:5,0
DA:13,0
LF:3
LH:0
BRDA:5,0,0,0
BRDA:5,0,1,0
BRDA:5,1,0,0
BRDA:5,1,1,0
BRF:4
BRH:0
end_of_record
TN:
SF:/usr/local/projects/gor.butler.ui.managerdashboard/src/components/notifications/notificationSearchPanel.js
FN:5,_interopRequireDefault
FN:11,(anonymous_1)
FN:18,(anonymous_2)
FN:22,(anonymous_3)
FN:26,(anonymous_4)
FN:37,(anonymous_5)
FN:39,(anonymous_6)
FNF:7
FNH:0
FNDA:0,_interopRequireDefault
FNDA:0,(anonymous_1)
FNDA:0,(anonymous_2)
FNDA:0,(anonymous_3)
FNDA:0,(anonymous_4)
FNDA:0,(anonymous_5)
FNDA:0,(anonymous_6)
DA:1,0
DA:5,0
DA:12,0
DA:13,0
DA:19,0
DA:20,0
DA:23,0
DA:24,0
DA:27,0
DA:37,0
DA:39,0
DA:49,0
LF:12
LH:0
BRDA:5,0,0,0
BRDA:5,0,1,0
BRDA:5,1,0,0
BRDA:5,1,1,0
BRDA:36,2,0,0
BRDA:36,2,1,0
BRF:6
BRH:0
end_of_record
TN:
SF:/usr/local/projects/gor.butler.ui.managerdashboard/src/components/notifications/notifications.js
FN:15,(anonymous_0)
FN:23,(anonymous_1)
FN:33,(anonymous_2)
FN:37,(anonymous_3)
FN:42,(anonymous_4)
FN:48,(anonymous_5)
FN:60,(anonymous_6)
FN:62,(anonymous_7)
FNF:8
FNH:0
FNDA:0,(anonymous_0)
FNDA:0,(anonymous_1)
FNDA:0,(anonymous_2)
FNDA:0,(anonymous_3)
FNDA:0,(anonymous_4)
FNDA:0,(anonymous_5)
FNDA:0,(anonymous_6)
FNDA:0,(anonymous_7)
DA:1,0
DA:16,0
DA:17,0
DA:20,0
DA:24,0
DA:25,0
DA:28,0
DA:29,0
DA:34,0
DA:35,0
DA:38,0
DA:39,0
DA:43,0
DA:44,0
DA:49,0
DA:60,0
DA:63,0
DA:94,0
LF:18
LH:0
BRDA:24,0,0,0
BRDA:24,0,1,0
BRDA:28,1,0,0
BRDA:28,1,1,0
BRDA:43,2,0,0
BRDA:43,2,1,0
BRDA:54,3,0,0
BRDA:54,3,1,0
BRDA:62,4,0,0
BRF:9
BRH:0
end_of_record
TN:
SF:/usr/local/projects/gor.butler.ui.managerdashboard/src/components/notifications/resultPane.js
FN:5,_interopRequireDefault
FN:12,(anonymous_1)
FNF:2
FNH:0
FNDA:0,_interopRequireDefault
FNDA:0,(anonymous_1)
DA:1,0
DA:5,0
DA:13,0
DA:21,0
LF:4
LH:0
BRDA:5,0,0,0
BRDA:5,0,1,0
BRDA:5,1,0,0
BRDA:5,1,1,0
BRDA:14,2,0,0
BRDA:14,2,1,0
BRF:6
BRH:0
end_of_record
TN:
SF:/usr/local/projects/gor.butler.ui.managerdashboard/src/components/notifications/viewAllNotificationModal.js
FN:21,_interopRequireDefault
FN:25,(anonymous_1)
FN:31,(anonymous_2)
FNF:3
FNH:0
FNDA:0,_interopRequireDefault
FNDA:0,(anonymous_1)
FNDA:0,(anonymous_2)
DA:1,0
DA:21,0
DA:26,0
DA:33,0
LF:4
LH:0
BRDA:21,0,0,0
BRDA:21,0,1,0
BRDA:21,1,0,0
BRDA:21,1,1,0
BRF:4
BRH:0
end_of_record
TN:
SF:/usr/local/projects/gor.butler.ui.managerdashboard/src/components/rangeSlider/RangeSlider.js
FN:4,_interopRequireDefault
FNF:1
FNH:0
FNDA:0,_interopRequireDefault
DA:1,0
DA:4,0
LF:2
LH:0
BRDA:4,0,0,0
BRDA:4,0,1,0
BRDA:4,1,0,0
BRDA:4,1,1,0
BRF:4
BRH:0
end_of_record
TN:
SF:/usr/local/projects/gor.butler.ui.managerdashboard/src/components/rangeSlider/handle.js
FN:1,_interopRequireDefault
FN:1,_objectWithoutProperties
FN:4,(anonymous_2)
FNF:3
FNH:0
FNDA:0,_interopRequireDefault
FNDA:0,_objectWithoutProperties
FNDA:0,(anonymous_2)
DA:1,0
DA:7,0
DA:8,0
DA:12,0
LF:4
LH:0
BRDA:1,0,0,0
BRDA:1,0,1,0
BRDA:1,1,0,0
BRDA:1,1,1,0
BRDA:1,2,0,0
BRDA:1,2,1,0
BRDA:1,3,0,0
BRDA:1,3,1,0
BRDA:7,4,0,0
BRDA:7,4,1,0
BRF:10
BRH:0
end_of_record
TN:
SF:/usr/local/projects/gor.butler.ui.managerdashboard/src/components/rangeSlider/range.js
FN:6,_interopRequireDefault
FN:28,(anonymous_1)
FN:105,(anonymous_2)
FN:105,(anonymous_3)
FN:105,(anonymous_4)
FN:105,(anonymous_5)
FN:105,(anonymous_6)
FN:105,(anonymous_7)
FN:105,(anonymous_8)
FN:105,(anonymous_9)
FN:107,(anonymous_10)
FN:123,(anonymous_11)
FN:132,(anonymous_12)
FN:136,(anonymous_13)
FN:148,(anonymous_14)
FN:162,(anonymous_15)
FN:166,(anonymous_16)
FN:175,(anonymous_17)
FN:186,(anonymous_18)
FN:192,(anonymous_19)
FN:214,(anonymous_20)
FN:230,(anonymous_21)
FN:251,(anonymous_22)
FN:258,(anonymous_23)
FN:274,(anonymous_24)
FN:287,(anonymous_25)
FN:290,(anonymous_26)
FN:301,(anonymous_27)
FN:304,(anonymous_28)
FNF:29
FNH:0
FNDA:0,_interopRequireDefault
FNDA:0,(anonymous_1)
FNDA:0,(anonymous_2)
FNDA:0,(anonymous_3)
FNDA:0,(anonymous_4)
FNDA:0,(anonymous_5)
FNDA:0,(anonymous_6)
FNDA:0,(anonymous_7)
FNDA:0,(anonymous_8)
FNDA:0,(anonymous_9)
FNDA:0,(anonymous_10)
FNDA:0,(anonymous_11)
FNDA:0,(anonymous_12)
FNDA:0,(anonymous_13)
FNDA:0,(anonymous_14)
FNDA:0,(anonymous_15)
FNDA:0,(anonymous_16)
FNDA:0,(anonymous_17)
FNDA:0,(anonymous_18)
FNDA:0,(anonymous_19)
FNDA:0,(anonymous_20)
FNDA:0,(anonymous_21)
FNDA:0,(anonymous_22)
FNDA:0,(anonymous_23)
FNDA:0,(anonymous_24)
FNDA:0,(anonymous_25)
FNDA:0,(anonymous_26)
FNDA:0,(anonymous_27)
FNDA:0,(anonymous_28)
DA:1,0
DA:6,0
DA:29,0
DA:105,0
DA:108,0
DA:109,0
DA:110,0
DA:112,0
DA:113,0
DA:114,0
DA:116,0
DA:117,0
DA:118,0
DA:119,0
DA:120,0
DA:121,0
DA:122,0
DA:123,0
DA:124,0
DA:126,0
DA:133,0
DA:138,0
DA:139,0
DA:140,0
DA:142,0
DA:143,0
DA:145,0
DA:150,0
DA:151,0
DA:152,0
DA:153,0
DA:156,0
DA:157,0
DA:159,0
DA:163,0
DA:168,0
DA:177,0
DA:178,0
DA:179,0
DA:180,0
DA:181,0
DA:182,0
DA:185,0
DA:186,0
DA:187,0
DA:189,0
DA:194,0
DA:196,0
DA:197,0
DA:198,0
DA:200,0
DA:201,0
DA:204,0
DA:206,0
DA:207,0
DA:208,0
DA:210,0
DA:215,0
DA:216,0
DA:217,0
DA:218,0
DA:221,0
DA:222,0
DA:224,0
DA:227,0
DA:231,0
DA:232,0
DA:233,0
DA:234,0
DA:236,0
DA:238,0
DA:239,0
DA:241,0
DA:242,0
DA:244,0
DA:247,0
DA:248,0
DA:252,0
DA:253,0
DA:254,0
DA:255,0
DA:259,0
DA:262,0
DA:263,0
DA:264,0
DA:266,0
DA:267,0
DA:271,0
DA:287,0
DA:289,0
DA:290,0
DA:301,0
DA:304,0
DA:305,0
DA:306,0
DA:310,0
DA:322,0
LF:97
LH:0
BRDA:6,0,0,0
BRDA:6,0,1,0
BRDA:6,1,0,0
BRDA:6,1,1,0
BRDA:105,2,0,0
BRDA:105,2,1,0
BRDA:105,3,0,0
BRDA:105,3,1,0
BRDA:105,4,0,0
BRDA:105,4,1,0
BRDA:105,5,0,0
BRDA:105,5,1,0
BRDA:105,6,0,0
BRDA:105,6,1,0
BRDA:105,6,2,0
BRDA:105,7,0,0
BRDA:105,7,1,0
BRDA:105,8,0,0
BRDA:105,8,1,0
BRDA:105,9,0,0
BRDA:105,9,1,0
BRDA:105,10,0,0
BRDA:105,10,1,0
BRDA:105,11,0,0
BRDA:105,11,1,0
BRDA:105,12,0,0
BRDA:105,12,1,0
BRDA:105,13,0,0
BRDA:105,13,1,0
BRDA:114,14,0,0
BRDA:114,14,1,0
BRDA:119,15,0,0
BRDA:119,15,1,0
BRDA:122,16,0,0
BRDA:122,16,1,0
BRDA:140,17,0,0
BRDA:140,17,1,0
BRDA:142,18,0,0
BRDA:142,18,1,0
BRDA:152,19,0,0
BRDA:152,19,1,0
BRDA:156,20,0,0
BRDA:156,20,1,0
BRDA:156,21,0,0
BRDA:156,21,1,0
BRDA:157,22,0,0
BRDA:157,22,1,0
BRDA:178,23,0,0
BRDA:178,23,1,0
BRDA:178,24,0,0
BRDA:178,24,1,0
BRDA:178,24,2,0
BRDA:180,25,0,0
BRDA:180,25,1,0
BRDA:197,26,0,0
BRDA:197,26,1,0
BRDA:200,27,0,0
BRDA:200,27,1,0
BRDA:204,28,0,0
BRDA:204,28,1,0
BRDA:208,29,0,0
BRDA:208,29,1,0
BRDA:218,30,0,0
BRDA:218,30,1,0
BRDA:234,31,0,0
BRDA:234,31,1,0
BRDA:234,32,0,0
BRDA:234,32,1,0
BRDA:242,33,0,0
BRDA:242,33,1,0
BRDA:251,34,0,0
BRDA:259,35,0,0
BRDA:259,35,1,0
BRDA:262,36,0,0
BRDA:262,36,1,0
BRDA:262,37,0,0
BRDA:262,37,1,0
BRDA:263,38,0,0
BRDA:263,38,1,0
BRDA:263,39,0,0
BRDA:263,39,1,0
BRDA:266,40,0,0
BRDA:266,40,1,0
BRDA:266,41,0,0
BRDA:266,41,1,0
BRF:85
BRH:0
end_of_record
TN:
SF:/usr/local/projects/gor.butler.ui.managerdashboard/src/components/rangeSlider/slider.js
FN:5,_interopRequireDefault
FN:17,(anonymous_1)
FN:76,(anonymous_2)
FN:76,(anonymous_3)
FN:76,(anonymous_4)
FN:78,(anonymous_5)
FN:88,(anonymous_6)
FN:92,(anonymous_7)
FN:96,(anonymous_8)
FN:100,(anonymous_9)
FN:106,(anonymous_10)
FN:123,(anonymous_11)
FNF:12
FNH:0
FNDA:0,_interopRequireDefault
FNDA:0,(anonymous_1)
FNDA:0,(anonymous_2)
FNDA:0,(anonymous_3)
FNDA:0,(anonymous_4)
FNDA:0,(anonymous_5)
FNDA:0,(anonymous_6)
FNDA:0,(anonymous_7)
FNDA:0,(anonymous_8)
FNDA:0,(anonymous_9)
FNDA:0,(anonymous_10)
FNDA:0,(anonymous_11)
DA:1,0
DA:5,0
DA:18,0
DA:76,0
DA:79,0
DA:80,0
DA:81,0
DA:82,0
DA:83,0
DA:85,0
DA:89,0
DA:93,0
DA:97,0
DA:101,0
DA:102,0
DA:103,0
DA:115,0
DA:116,0
DA:123,0
DA:126,0
DA:135,0
LF:21
LH:0
BRDA:5,0,0,0
BRDA:5,0,1,0
BRDA:5,1,0,0
BRDA:5,1,1,0
BRDA:76,2,0,0
BRDA:76,2,1,0
BRDA:76,3,0,0
BRDA:76,3,1,0
BRDA:76,4,0,0
BRDA:76,4,1,0
BRDA:76,5,0,0
BRDA:76,5,1,0
BRDA:76,5,2,0
BRDA:76,6,0,0
BRDA:76,6,1,0
BRDA:76,7,0,0
BRDA:76,7,1,0
BRDA:76,8,0,0
BRDA:76,8,1,0
BRDA:76,9,0,0
BRDA:76,9,1,0
BRDA:76,10,0,0
BRDA:76,10,1,0
BRDA:83,11,0,0
BRDA:83,11,1,0
BRDA:100,12,0,0
BRF:26
BRH:0
end_of_record
TN:
SF:/usr/local/projects/gor.butler.ui.managerdashboard/src/components/rangeSlider/sliderWithTooltip.js
FN:4,_interopRequireDefault
FN:4,_objectWithoutProperties
FN:4,createSliderWithTooltip
FN:12,(anonymous_3)
FN:35,(anonymous_4)
FNF:5
FNH:0
FNDA:0,_interopRequireDefault
FNDA:0,_objectWithoutProperties
FNDA:0,createSliderWithTooltip
FNDA:0,(anonymous_3)
FNDA:0,(anonymous_4)
DA:1,0
DA:4,0
DA:5,0
DA:13,0
DA:34,0
DA:36,0
DA:37,0
LF:7
LH:0
BRDA:4,0,0,0
BRDA:4,0,1,0
BRDA:4,1,0,0
BRDA:4,1,1,0
BRDA:4,2,0,0
BRDA:4,2,1,0
BRDA:4,3,0,0
BRDA:4,3,1,0
BRF:8
BRH:0
end_of_record
TN:
SF:/usr/local/projects/gor.butler.ui.managerdashboard/src/components/rangeSlider/utils.js
FN:69,isEventFromHandle
FN:69,(anonymous_1)
FN:69,isValueOutOfRange
FN:69,isNotTouchEvent
FN:69,getClosestPoint
FN:69,(anonymous_5)
FN:69,getPrecision
FN:69,getMousePosition
FN:69,getTouchPosition
FN:69,getHandleCenterPosition
FN:69,ensureValueInRange
FN:69,ensureValuePrecision
FN:69,pauseEvent
FNF:13
FNH:0
FNDA:0,isEventFromHandle
FNDA:0,(anonymous_1)
FNDA:0,isValueOutOfRange
FNDA:0,isNotTouchEvent
FNDA:0,getClosestPoint
FNDA:0,(anonymous_5)
FNDA:0,getPrecision
FNDA:0,getMousePosition
FNDA:0,getTouchPosition
FNDA:0,getHandleCenterPosition
FNDA:0,ensureValueInRange
FNDA:0,ensureValuePrecision
FNDA:0,pauseEvent
DA:1,0
DA:69,0
DA:70,0
DA:71,0
LF:4
LH:0
BRDA:69,0,0,0
BRDA:69,0,1,0
BRDA:69,1,0,0
BRDA:69,1,1,0
BRDA:69,1,2,0
BRDA:69,2,0,0
BRDA:69,2,1,0
BRDA:69,3,0,0
BRDA:69,3,1,0
BRDA:69,4,0,0
BRDA:69,4,1,0
BRDA:69,5,0,0
BRDA:69,5,1,0
BRDA:69,6,0,0
BRDA:69,6,1,0
BRDA:69,7,0,0
BRDA:69,7,1,0
BRDA:69,8,0,0
BRDA:69,8,1,0
BRDA:69,9,0,0
BRDA:69,9,1,0
BRF:21
BRH:0
end_of_record
TN:
SF:/usr/local/projects/gor.butler.ui.managerdashboard/src/components/rangeSlider/common/createSlider.js
FN:12,_interopRequireDefault
FN:12,_objectWithoutProperties
FN:12,noop
FN:12,createSlider
FN:57,(anonymous_4)
FN:190,(anonymous_5)
FN:190,(anonymous_6)
FN:191,(anonymous_7)
FN:191,(anonymous_8)
FN:191,(anonymous_9)
FN:191,(anonymous_10)
FN:191,(anonymous_11)
FN:191,(anonymous_12)
FN:191,(anonymous_13)
FN:192,(anonymous_14)
FN:196,(anonymous_15)
FNF:16
FNH:0
FNDA:0,_interopRequireDefault
FNDA:0,_objectWithoutProperties
FNDA:0,noop
FNDA:0,createSlider
FNDA:0,(anonymous_4)
FNDA:0,(anonymous_5)
FNDA:0,(anonymous_6)
FNDA:0,(anonymous_7)
FNDA:0,(anonymous_8)
FNDA:0,(anonymous_9)
FNDA:0,(anonymous_10)
FNDA:0,(anonymous_11)
FNDA:0,(anonymous_12)
FNDA:0,(anonymous_13)
FNDA:0,(anonymous_14)
FNDA:0,(anonymous_15)
DA:1,0
DA:3,0
DA:12,0
DA:13,0
DA:58,0
DA:190,0
DA:191,0
DA:193,0
DA:213,0
DA:220,0
DA:256,0
LF:11
LH:0
BRDA:12,0,0,0
BRDA:12,0,1,0
BRDA:12,1,0,0
BRDA:12,1,1,0
BRDA:12,2,0,0
BRDA:12,2,1,0
BRDA:12,3,0,0
BRDA:12,3,1,0
BRDA:190,4,0,0
BRDA:190,4,1,0
BRDA:190,5,0,0
BRDA:190,5,1,0
BRDA:191,6,0,0
BRDA:191,6,1,0
BRDA:191,7,0,0
BRDA:191,7,1,0
BRDA:191,8,0,0
BRDA:191,8,1,0
BRDA:191,9,0,0
BRDA:191,9,1,0
BRDA:191,10,0,0
BRDA:191,10,1,0
BRDA:191,11,0,0
BRDA:191,11,1,0
BRDA:191,12,0,0
BRDA:191,12,1,0
BRDA:191,13,0,0
BRDA:191,13,1,0
BRDA:224,14,0,0
BRDA:224,14,1,0
BRDA:225,15,0,0
BRDA:225,15,1,0
BRF:32
BRH:0
end_of_record
TN:
SF:/usr/local/projects/gor.butler.ui.managerdashboard/src/components/rangeSlider/common/marks.js
FN:2,_interopRequireDefault
FN:4,(anonymous_1)
FN:19,(anonymous_2)
FN:19,(anonymous_3)
FNF:4
FNH:0
FNDA:0,_interopRequireDefault
FNDA:0,(anonymous_1)
FNDA:0,(anonymous_2)
FNDA:0,(anonymous_3)
DA:1,0
DA:2,0
DA:4,0
DA:13,0
DA:14,0
DA:15,0
DA:16,0
DA:18,0
DA:19,0
DA:20,0
DA:22,0
DA:27,0
DA:32,0
DA:38,0
DA:40,0
DA:41,0
DA:43,0
DA:44,0
DA:46,0
DA:58,0
LF:20
LH:0
BRDA:2,0,0,0
BRDA:2,0,1,0
BRDA:2,1,0,0
BRDA:2,1,1,0
BRDA:20,2,0,0
BRDA:20,2,1,0
BRDA:20,2,2,0
BRDA:20,2,3,0
BRDA:20,2,4,0
BRDA:38,3,0,0
BRDA:38,3,1,0
BRDA:41,4,0,0
BRDA:41,4,1,0
BRDA:43,5,0,0
BRDA:43,5,1,0
BRDA:44,6,0,0
BRF:16
BRH:0
end_of_record
TN:
SF:/usr/local/projects/gor.butler.ui.managerdashboard/src/components/rangeSlider/common/steps.js
FN:3,_interopRequireDefault
FN:5,(anonymous_1)
FN:20,(anonymous_2)
FN:23,(anonymous_3)
FNF:4
FNH:0
FNDA:0,_interopRequireDefault
FNDA:0,(anonymous_1)
FNDA:0,(anonymous_2)
FNDA:0,(anonymous_3)
DA:1,0
DA:3,0
DA:5,0
DA:10,0
DA:11,0
DA:12,0
DA:13,0
DA:14,0
DA:17,0
DA:20,0
DA:22,0
DA:23,0
DA:24,0
DA:25,0
DA:27,0
DA:29,0
DA:34,0
DA:37,0
LF:18
LH:0
BRDA:3,0,0,0
BRDA:3,0,1,0
BRDA:3,1,0,0
BRDA:3,1,1,0
BRDA:11,2,0,0
BRDA:11,2,1,0
BRDA:13,3,0,0
BRDA:13,3,1,0
BRDA:25,4,0,0
BRDA:25,4,1,0
BRDA:27,5,0,0
BRDA:27,5,1,0
BRDA:27,5,2,0
BRDA:27,5,3,0
BRDA:27,5,4,0
BRF:15
BRH:0
end_of_record
TN:
SF:/usr/local/projects/gor.butler.ui.managerdashboard/src/components/rangeSlider/common/track.js
FN:1,_interopRequireDefault
FN:3,(anonymous_1)
FNF:2
FNH:0
FNDA:0,_interopRequireDefault
FNDA:0,(anonymous_1)
DA:1,0
DA:3,0
DA:4,0
DA:7,0
DA:8,0
DA:9,0
DA:11,0
DA:12,0
DA:14,0
LF:9
LH:0
BRDA:1,0,0,0
BRDA:1,0,1,0
BRDA:1,1,0,0
BRDA:1,1,1,0
BRDA:5,2,0,0
BRDA:5,2,1,0
BRDA:7,3,0,0
BRDA:7,3,1,0
BRF:8
BRH:0
end_of_record
TN:
SF:/usr/local/projects/gor.butler.ui.managerdashboard/src/components/spinner/Spinner.js
FN:2,_interopRequireDefault
FN:9,(anonymous_1)
FN:14,(anonymous_2)
FN:24,(anonymous_3)
FNF:4
FNH:0
FNDA:0,_interopRequireDefault
FNDA:0,(anonymous_1)
FNDA:0,(anonymous_2)
FNDA:0,(anonymous_3)
DA:1,0
DA:2,0
DA:11,0
DA:15,0
DA:17,0
DA:25,0
DA:36,0
LF:7
LH:0
BRDA:2,0,0,0
BRDA:2,0,1,0
BRDA:2,1,0,0
BRDA:2,1,1,0
BRDA:15,2,0,0
BRDA:15,2,1,0
BRDA:26,3,0,0
BRDA:26,3,1,0
BRDA:26,4,0,0
BRDA:26,4,1,0
BRF:10
BRH:0
end_of_record
TN:
SF:/usr/local/projects/gor.butler.ui.managerdashboard/src/components/subtab/ordersTabs.js
FN:18,(anonymous_0)
FN:23,(anonymous_1)
FN:41,(anonymous_2)
FN:69,mapStateToProps
FN:76,mapDispatchToProps
FN:78,subTabSelected
FN:79,setOrderListSpinner
FN:80,setWavesSpinner
FNF:8
FNH:0
FNDA:0,(anonymous_0)
FNDA:0,(anonymous_1)
FNDA:0,(anonymous_2)
FNDA:0,mapStateToProps
FNDA:0,mapDispatchToProps
FNDA:0,subTabSelected
FNDA:0,setOrderListSpinner
FNDA:0,setWavesSpinner
DA:1,0
DA:20,0
DA:24,0
DA:25,0
DA:26,0
DA:29,0
DA:32,0
DA:33,0
DA:36,0
DA:37,0
DA:42,0
DA:43,0
DA:44,0
DA:48,0
DA:50,0
DA:51,0
DA:53,0
DA:70,0
DA:76,0
DA:77,0
DA:78,0
DA:79,0
DA:80,0
LF:23
LH:0
BRDA:26,0,0,0
BRDA:26,0,1,0
BRDA:26,0,2,0
BRDA:43,1,0,0
BRDA:43,1,1,0
BRDA:71,2,0,0
BRDA:71,2,1,0
BRF:7
BRH:0
end_of_record
TN:
SF:/usr/local/projects/gor.butler.ui.managerdashboard/src/components/subtab/subTab.js
FN:1,_interopRequireDefault
FN:4,(anonymous_1)
FNF:2
FNH:0
FNDA:0,_interopRequireDefault
FNDA:0,(anonymous_1)
DA:1,0
DA:5,0
LF:2
LH:0
BRDA:1,0,0,0
BRDA:1,0,1,0
BRDA:1,1,0,0
BRDA:1,1,1,0
BRF:4
BRH:0
end_of_record
TN:
SF:/usr/local/projects/gor.butler.ui.managerdashboard/src/components/subtab/subTabs.js
FN:17,(anonymous_0)
FN:22,(anonymous_1)
FN:49,(anonymous_2)
FN:104,mapStateToProps
FN:111,mapDispatchToProps
FN:113,setCsSpinner
FN:114,setPpsSpinner
FN:115,setButlerSpinner
FN:116,subTabSelected
FNF:9
FNH:0
FNDA:0,(anonymous_0)
FNDA:0,(anonymous_1)
FNDA:0,(anonymous_2)
FNDA:0,mapStateToProps
FNDA:0,mapDispatchToProps
FNDA:0,setCsSpinner
FNDA:0,setPpsSpinner
FNDA:0,setButlerSpinner
FNDA:0,subTabSelected
DA:1,0
DA:19,0
DA:23,0
DA:24,0
DA:25,0
DA:26,0
DA:28,0
DA:29,0
DA:32,0
DA:33,0
DA:36,0
DA:37,0
DA:40,0
DA:43,0
DA:44,0
DA:45,0
DA:50,0
DA:53,0
DA:56,0
DA:59,0
DA:61,0
DA:64,0
DA:67,0
DA:69,0
DA:70,0
DA:74,0
DA:77,0
DA:105,0
DA:111,0
DA:112,0
DA:113,0
DA:114,0
DA:115,0
DA:116,0
LF:34
LH:0
BRDA:26,0,0,0
BRDA:26,0,1,0
BRDA:26,0,2,0
BRDA:26,0,3,0
BRDA:26,0,4,0
BRDA:69,1,0,0
BRDA:69,1,1,0
BRDA:106,2,0,0
BRDA:106,2,1,0
BRDA:107,3,0,0
BRDA:107,3,1,0
BRF:11
BRH:0
end_of_record
TN:
SF:/usr/local/projects/gor.butler.ui.managerdashboard/src/components/systemOverview/zoneTile.js
FN:4,_interopRequireDefault
FN:9,(anonymous_1)
FN:11,(anonymous_2)
FNF:3
FNH:0
FNDA:0,_interopRequireDefault
FNDA:0,(anonymous_1)
FNDA:0,(anonymous_2)
DA:1,0
DA:4,0
DA:10,0
DA:11,0
DA:32,0
LF:5
LH:0
BRDA:4,0,0,0
BRDA:4,0,1,0
BRDA:4,1,0,0
BRDA:4,1,1,0
BRDA:11,2,0,0
BRDA:11,2,1,0
BRF:6
BRH:0
end_of_record
TN:
SF:/usr/local/projects/gor.butler.ui.managerdashboard/src/components/tableFilter/filter.js
FN:6,(anonymous_0)
FN:10,(anonymous_1)
FN:15,(anonymous_2)
FN:20,(anonymous_3)
FNF:4
FNH:0
FNDA:0,(anonymous_0)
FNDA:0,(anonymous_1)
FNDA:0,(anonymous_2)
FNDA:0,(anonymous_3)
DA:1,0
DA:7,0
DA:11,0
DA:16,0
DA:21,0
LF:5
LH:0
BRF:0
BRH:0
end_of_record
TN:
SF:/usr/local/projects/gor.butler.ui.managerdashboard/src/components/tableFilter/filterInputField.js
FN:1,_interopRequireDefault
FN:4,(anonymous_1)
[...]
TN:
SF:/usr/local/projects/gor.butler.ui.managerdashboard/src/reducers/ppsPerformanceReducer.js
FN:11,PPSperformance
FNF:1
FNH:0
FNDA:0,PPSperformance
DA:1,0
DA:11,0
DA:12,0
DA:13,0
DA:19,0
DA:21,0
LF:6
LH:0
BRDA:11,0,0,0
BRDA:11,1,0,0
BRDA:11,1,1,0
BRDA:12,2,0,0
BRDA:12,2,1,0
BRF:5
BRH:0
end_of_record
TN:
SF:/usr/local/projects/gor.butler.ui.managerdashboard/src/reducers/ppsReducer.js
FN:11,ppsInfo
FN:30,processPPSData
FNF:2
FNH:0
FNDA:0,ppsInfo
FNDA:0,processPPSData
DA:1,0
DA:11,0
DA:12,0
DA:13,0
DA:14,0
DA:15,0
DA:17,0
DA:21,0
DA:26,0
DA:31,0
DA:32,0
DA:33,0
DA:34,0
DA:35,0
DA:37,0
DA:38,0
DA:40,0
DA:41,0
DA:44,0
LF:19
LH:0
BRDA:11,0,0,0
BRDA:11,1,0,0
BRDA:11,1,1,0
BRDA:11,1,2,0
BRDA:22,2,0,0
BRDA:22,2,1,0
BRDA:31,3,0,0
BRDA:31,3,1,0
BRDA:34,4,0,0
BRDA:34,4,1,0
BRDA:34,5,0,0
BRDA:34,5,1,0
BRDA:34,5,2,0
BRDA:37,6,0,0
BRDA:37,6,1,0
BRDA:37,7,0,0
BRDA:37,7,1,0
BRDA:37,7,2,0
BRDA:40,8,0,0
BRDA:40,8,1,0
BRDA:40,9,0,0
BRDA:40,9,1,0
BRDA:40,9,2,0
BRF:23
BRH:0
end_of_record
TN:
SF:/usr/local/projects/gor.butler.ui.managerdashboard/src/reducers/putReducer.js
FN:11,putInfo
FNF:1
FNH:0
FNDA:0,putInfo
DA:1,0
DA:11,0
DA:13,0
DA:14,0
DA:17,0
DA:22,0
LF:6
LH:0
BRDA:11,0,0,0
BRDA:11,1,0,0
BRDA:11,1,1,0
BRDA:13,2,0,0
BRDA:13,2,1,0
BRF:5
BRH:0
end_of_record
TN:
SF:/usr/local/projects/gor.butler.ui.managerdashboard/src/reducers/socketReducer.js
FN:11,recieveSocketActions
FNF:1
FNH:0
FNDA:0,recieveSocketActions
DA:1,0
DA:11,0
DA:18,0
DA:26,0
DA:32,0
DA:36,0
LF:6
LH:0
BRDA:11,0,0,0
BRDA:11,1,0,0
BRDA:11,1,1,0
BRDA:11,1,2,0
BRDA:11,1,3,0
BRDA:11,1,4,0
BRF:6
BRH:0
end_of_record
TN:
SF:/usr/local/projects/gor.butler.ui.managerdashboard/src/reducers/sortHeaderReducer.js
FN:7,sortHeaderState
FNF:1
FNH:0
FNDA:0,sortHeaderState
DA:1,0
DA:8,0
DA:11,0
DA:16,0
DA:21,0
DA:25,0
DA:26,0
DA:27,0
DA:28,0
DA:30,0
DA:36,0
DA:41,0
DA:46,0
DA:51,0
DA:56,0
DA:61,0
DA:66,0
DA:71,0
DA:76,0
DA:81,0
DA:86,0
DA:91,0
DA:96,0
DA:101,0
DA:106,0
DA:111,0
DA:116,0
DA:121,0
DA:126,0
DA:131,0
DA:136,0
DA:141,0
LF:32
LH:0
BRDA:7,0,0,0
BRDA:8,1,0,0
BRDA:8,1,1,0
BRDA:8,1,2,0
BRDA:8,1,3,0
BRDA:8,1,4,0
BRDA:8,1,5,0
BRDA:8,1,6,0
BRDA:8,1,7,0
BRDA:8,1,8,0
BRDA:8,1,9,0
BRDA:8,1,10,0
BRDA:8,1,11,0
BRDA:8,1,12,0
BRDA:8,1,13,0
BRDA:8,1,14,0
BRDA:8,1,15,0
BRDA:8,1,16,0
BRDA:8,1,17,0
BRDA:8,1,18,0
BRDA:8,1,19,0
BRDA:8,1,20,0
BRDA:8,1,21,0
BRDA:8,1,22,0
BRDA:8,1,23,0
BRDA:8,1,24,0
BRDA:8,1,25,0
BRDA:32,2,0,0
BRDA:32,2,1,0
BRF:29
BRH:0
end_of_record
TN:
SF:/usr/local/projects/gor.butler.ui.managerdashboard/src/reducers/spinnerReducer.js
FN:33,spinner
FNF:1
FNH:0
FNDA:0,spinner
DA:1,0
DA:33,0
DA:36,0
DA:40,0
DA:44,0
DA:49,0
DA:54,0
DA:60,0
DA:65,0
DA:70,0
DA:75,0
DA:80,0
DA:85,0
DA:90,0
DA:95,0
DA:100,0
DA:104,0
DA:109,0
DA:114,0
DA:119,0
DA:125,0
LF:21
LH:0
BRDA:33,0,0,0
BRDA:33,1,0,0
BRDA:33,1,1,0
BRDA:33,1,2,0
BRDA:33,1,3,0
BRDA:33,1,4,0
BRDA:33,1,5,0
BRDA:33,1,6,0
BRDA:33,1,7,0
BRDA:33,1,8,0
BRDA:33,1,9,0
BRDA:33,1,10,0
BRDA:33,1,11,0
BRDA:33,1,12,0
BRDA:33,1,13,0
BRDA:33,1,14,0
BRDA:33,1,15,0
BRDA:33,1,16,0
BRDA:33,1,17,0
BRDA:33,1,18,0
BRDA:33,1,19,0
BRF:21
BRH:0
end_of_record
TN:
SF:/usr/local/projects/gor.butler.ui.managerdashboard/src/reducers/statsWidgetReducer.js
FN:3,statsWidget
FNF:1
FNH:0
FNDA:0,statsWidget
DA:1,0
DA:4,0
DA:7,0
DA:12,0
LF:4
LH:0
BRDA:3,0,0,0
BRDA:4,1,0,0
BRDA:4,1,1,0
BRF:3
BRH:0
end_of_record
TN:
SF:/usr/local/projects/gor.butler.ui.managerdashboard/src/reducers/sysControllersReducer.js
FN:11,sysControllersReducer
FNF:1
FNH:1
FNDA:2,sysControllersReducer
DA:12,2
DA:14,2
DA:15,2
DA:19,0
DA:22,0
LF:5
LH:3
BRDA:11,0,0,0
BRDA:12,1,0,2
BRDA:12,1,1,0
BRF:3
BRH:1
end_of_record
TN:
SF:/usr/local/projects/gor.butler.ui.managerdashboard/src/reducers/sysOverviewReducer.js
FN:11,sysOverviewReducer
FNF:1
FNH:1
FNDA:1,sysOverviewReducer
DA:12,1
DA:14,1
DA:16,1
DA:21,0
DA:24,0
LF:5
LH:3
BRDA:11,0,0,0
BRDA:12,1,0,1
BRDA:12,1,1,0
BRF:3
BRH:1
end_of_record
TN:
SF:/usr/local/projects/gor.butler.ui.managerdashboard/src/reducers/tabDataReducer.js
FN:6,tabsData
FNF:1
FNH:0
FNDA:0,tabsData
DA:1,0
DA:7,0
DA:9,0
DA:10,0
DA:12,0
DA:14,0
DA:18,0
DA:19,0
DA:21,0
DA:22,0
DA:23,0
DA:24,0
DA:25,0
DA:28,0
DA:38,0
DA:39,0
DA:41,0
DA:43,0
DA:47,0
DA:48,0
DA:50,0
DA:51,0
DA:53,0
DA:58,0
DA:59,0
DA:61,0
DA:63,0
DA:67,0
DA:68,0
DA:70,0
DA:72,0
DA:76,0
DA:77,0
DA:79,0
DA:81,0
DA:86,0
DA:91,0
LF:37
LH:0
BRDA:6,0,0,0
BRDA:7,1,0,0
BRDA:7,1,1,0
BRDA:7,1,2,0
BRDA:7,1,3,0
BRDA:7,1,4,0
BRDA:7,1,5,0
BRDA:7,1,6,0
BRDA:7,1,7,0
BRDA:7,1,8,0
BRDA:10,2,0,0
BRDA:10,2,1,0
BRDA:19,3,0,0
BRDA:19,3,1,0
BRDA:39,4,0,0
BRDA:39,4,1,0
BRDA:48,5,0,0
BRDA:48,5,1,0
BRDA:59,6,0,0
BRDA:59,6,1,0
BRDA:68,7,0,0
BRDA:68,7,1,0
BRDA:77,8,0,0
BRDA:77,8,1,0
BRF:24
BRH:0
end_of_record
TN:
SF:/usr/local/projects/gor.butler.ui.managerdashboard/src/reducers/tabSelectReducer.js
FN:3,tabSelected
FNF:1
FNH:0
FNDA:0,tabSelected
DA:1,0
DA:4,0
DA:7,0
DA:11,0
DA:15,0
DA:20,0
LF:6
LH:0
BRDA:3,0,0,0
BRDA:4,1,0,0
BRDA:4,1,1,0
BRDA:4,1,2,0
BRDA:4,1,3,0
BRF:5
BRH:0
end_of_record
TN:
SF:/usr/local/projects/gor.butler.ui.managerdashboard/src/reducers/tableStateReducer.js
FN:3,currentTableState
FNF:1
FNH:0
FNDA:0,currentTableState
DA:1,0
DA:4,0
DA:6,0
DA:9,0
DA:11,0
LF:5
LH:0
BRDA:3,0,0,0
BRDA:4,1,0,0
BRDA:4,1,1,0
BRF:3
BRH:0
end_of_record
TN:
SF:/usr/local/projects/gor.butler.ui.managerdashboard/src/reducers/throughputReducer.js
FN:11,throughputInfo
FNF:1
FNH:0
FNDA:0,throughputInfo
DA:1,0
DA:11,0
DA:12,0
DA:13,0
DA:14,0
DA:15,0
DA:17,0
DA:22,0
DA:27,0
LF:9
LH:0
BRDA:11,0,0,0
BRDA:11,1,0,0
BRDA:11,1,1,0
BRDA:12,2,0,0
BRDA:12,2,1,0
BRDA:13,3,0,0
BRDA:13,3,1,0
BRDA:14,4,0,0
BRDA:14,4,1,0
BRDA:15,5,0,0
BRDA:15,5,1,0
BRF:11
BRH:0
end_of_record
TN:
SF:/usr/local/projects/gor.butler.ui.managerdashboard/src/reducers/userDetailReducer.js
FN:6,userDetails
FNF:1
FNH:0
FNDA:0,userDetails
DA:1,0
DA:7,0
DA:11,0
DA:12,0
DA:13,0
DA:20,0
LF:6
LH:0
BRDA:6,0,0,0
BRDA:7,1,0,0
BRDA:7,1,1,0
BRDA:12,2,0,0
BRDA:12,2,1,0
BRDA:14,3,0,0
BRDA:14,3,1,0
BRF:7
BRH:0
end_of_record
TN:
SF:/usr/local/projects/gor.butler.ui.managerdashboard/src/reducers/utilityReducer.js
FN:24,utilityValidations
FNF:1
FNH:0
FNDA:0,utilityValidations
DA:1,0
DA:24,0
DA:28,0
DA:33,0
DA:37,0
DA:38,0
DA:44,0
DA:45,0
DA:53,0
DA:54,0
DA:59,0
DA:63,0
DA:68,0
DA:69,0
DA:70,0
DA:74,0
DA:80,0
DA:85,0
DA:89,0
DA:94,0
LF:20
LH:0
BRDA:24,0,0,0
BRDA:24,1,0,0
BRDA:24,1,1,0
BRDA:24,1,2,0
BRDA:24,1,3,0
BRDA:24,1,4,0
BRDA:24,1,5,0
BRDA:24,1,6,0
BRDA:24,1,7,0
BRDA:24,1,8,0
BRDA:24,1,9,0
BRDA:24,1,10,0
BRDA:24,2,0,0
BRDA:24,2,1,0
BRDA:37,3,0,0
BRDA:37,3,1,0
BRDA:46,4,0,0
BRDA:46,4,1,0
BRDA:55,5,0,0
BRDA:55,5,1,0
BRDA:60,6,0,0
BRDA:60,6,1,0
BRDA:69,7,0,0
BRDA:69,7,1,0
BRDA:86,8,0,0
BRDA:86,8,1,0
BRDA:90,9,0,0
BRDA:90,9,1,0
BRF:28
BRH:0
end_of_record
TN:
SF:/usr/local/projects/gor.butler.ui.managerdashboard/src/reducers/waveDetailReducer.js
FN:16,waveInfo
FNF:1
FNH:0
FNDA:0,waveInfo
DA:1,0
DA:16,0
DA:18,0
DA:23,0
DA:25,0
DA:30,0
LF:6
LH:0
BRDA:16,0,0,0
BRDA:16,1,0,0
BRDA:16,1,1,0
BRDA:16,1,2,0
BRDA:16,2,0,0
BRDA:16,2,1,0
BRDA:19,3,0,0
BRDA:19,3,1,0
BRF:8
BRH:0
end_of_record
TN:
SF:/usr/local/projects/gor.butler.ui.managerdashboard/src/reducers/zoningReducer.js
FN:10,zoningReducer
FNF:1
FNH:1
FNDA:1,zoningReducer
DA:11,1
DA:13,1
DA:14,1
DA:15,1
DA:20,0
DA:23,0
LF:6
LH:4
BRDA:10,0,0,0
BRDA:11,1,0,1
BRDA:11,1,1,0
BRDA:13,2,0,1
BRDA:13,2,1,0
BRDA:14,3,0,1
BRDA:14,3,1,0
BRF:7
BRH:3
end_of_record
TN:
SF:/usr/local/projects/gor.butler.ui.managerdashboard/src/utilities/AjaxParser.js
FN:153,AjaxParse
FNF:1
FNH:0
FNDA:0,AjaxParse
DA:1,0
DA:154,0
DA:155,0
DA:157,0
DA:158,0
DA:160,0
DA:162,0
DA:163,0
DA:165,0
DA:166,0
DA:167,0
DA:169,0
DA:170,0
DA:171,0
DA:173,0
DA:174,0
DA:175,0
DA:177,0
DA:178,0
DA:181,0
DA:182,0
DA:187,0
DA:192,0
DA:193,0
DA:195,0
DA:196,0
DA:197,0
DA:201,0
DA:202,0
DA:203,0
DA:204,0
DA:208,0
DA:209,0
DA:210,0
DA:212,0
DA:214,0
DA:216,0
DA:217,0
DA:218,0
DA:219,0
DA:221,0
DA:222,0
DA:223,0
DA:226,0
DA:227,0
DA:229,0
DA:231,0
DA:232,0
DA:233,0
DA:234,0
DA:236,0
DA:237,0
DA:239,0
DA:241,0
DA:243,0
DA:245,0
DA:246,0
DA:249,0
DA:250,0
DA:253,0
DA:254,0
DA:257,0
DA:258,0
DA:261,0
DA:264,0
DA:268,0
DA:270,0
DA:271,0
DA:272,0
DA:274,0
DA:275,0
DA:276,0
DA:278,0
DA:279,0
DA:281,0
DA:282,0
DA:283,0
DA:285,0
DA:286,0
DA:287,0
DA:289,0
DA:291,0
DA:294,0
DA:295,0
DA:297,0
DA:298,0
DA:300,0
DA:301,0
DA:304,0
DA:305,0
DA:306,0
DA:309,0
DA:310,0
DA:311,0
DA:315,0
DA:318,0
DA:319,0
DA:321,0
DA:322,0
DA:326,0
DA:327,0
DA:332,0
DA:337,0
DA:339,0
DA:340,0
DA:343,0
DA:344,0
DA:349,0
DA:354,0
DA:356,0
DA:357,0
DA:359,0
DA:360,0
DA:362,0
DA:363,0
DA:364,0
DA:366,0
DA:367,0
DA:369,0
DA:372,0
DA:374,0
DA:376,0
DA:377,0
DA:378,0
DA:382,0
DA:383,0
DA:386,0
DA:387,0
DA:388,0
DA:389,0
DA:390,0
DA:393,0
DA:394,0
DA:395,0
DA:396,0
DA:399,0
DA:400,0
DA:401,0
DA:402,0
DA:404,0
DA:405,0
DA:406,0
DA:408,0
DA:410,0
DA:411,0
DA:412,0
DA:414,0
DA:415,0
DA:417,0
DA:418,0
DA:419,0
DA:421,0
DA:422,0
DA:424,0
DA:425,0
DA:426,0
DA:428,0
DA:429,0
DA:430,0
DA:432,0
DA:433,0
DA:436,0
DA:437,0
DA:439,0
DA:440,0
DA:441,0
DA:445,0
DA:446,0
DA:447,0
DA:448,0
DA:450,0
DA:451,0
DA:453,0
DA:454,0
DA:456,0
DA:457,0
DA:459,0
DA:460,0
DA:462,0
DA:463,0
DA:465,0
DA:466,0
DA:467,0
DA:470,0
DA:471,0
DA:472,0
DA:474,0
DA:475,0
DA:476,0
DA:478,0
DA:479,0
DA:480,0
DA:483,0
DA:484,0
DA:485,0
DA:486,0
DA:489,0
DA:490,0
DA:491,0
DA:499,0
DA:500,0
DA:502,0
DA:503,0
DA:505,0
DA:506,0
DA:508,0
DA:509,0
DA:511,0
DA:512,0
DA:515,0
LF:210
LH:0
BRDA:155,0,0,0
BRDA:155,0,1,0
BRDA:155,0,2,0
BRDA:155,0,3,0
BRDA:155,0,4,0
BRDA:155,0,5,0
BRDA:155,0,6,0
BRDA:155,0,7,0
BRDA:155,0,8,0
BRDA:155,0,9,0
BRDA:155,0,10,0
BRDA:155,0,11,0
BRDA:155,0,12,0
BRDA:155,0,13,0
BRDA:155,0,14,0
BRDA:155,0,15,0
BRDA:155,0,16,0
BRDA:155,0,17,0
BRDA:155,0,18,0
BRDA:155,0,19,0
BRDA:155,0,20,0
BRDA:155,0,21,0
BRDA:155,0,22,0
BRDA:155,0,23,0
BRDA:155,0,24,0
BRDA:155,0,25,0
BRDA:155,0,26,0
BRDA:155,0,27,0
BRDA:155,0,28,0
BRDA:155,0,29,0
BRDA:155,0,30,0
BRDA:155,0,31,0
BRDA:155,0,32,0
BRDA:155,0,33,0
BRDA:155,0,34,0
BRDA:155,0,35,0
BRDA:155,0,36,0
BRDA:155,0,37,0
BRDA:155,0,38,0
BRDA:155,0,39,0
BRDA:155,0,40,0
BRDA:155,0,41,0
BRDA:155,0,42,0
BRDA:155,0,43,0
BRDA:155,0,44,0
BRDA:155,0,45,0
BRDA:155,0,46,0
BRDA:155,0,47,0
BRDA:155,0,48,0
BRDA:155,0,49,0
BRDA:155,0,50,0
BRDA:155,0,51,0
BRDA:155,0,52,0
BRDA:157,1,0,0
BRDA:157,1,1,0
BRDA:174,2,0,0
BRDA:174,2,1,0
BRDA:181,3,0,0
BRDA:181,3,1,0
BRDA:209,4,0,0
BRDA:209,4,1,0
BRDA:216,5,0,0
BRDA:216,5,1,0
BRDA:217,6,0,0
BRDA:217,6,1,0
BRDA:232,7,0,0
BRDA:232,7,1,0
BRDA:241,8,0,0
BRDA:241,8,1,0
BRDA:241,9,0,0
BRDA:241,9,1,0
BRDA:243,10,0,0
BRDA:243,10,1,0
BRDA:243,10,2,0
BRDA:243,10,3,0
BRDA:243,10,4,0
BRDA:275,11,0,0
BRDA:275,11,1,0
BRDA:281,12,0,0
BRDA:281,12,1,0
BRDA:291,13,0,0
BRDA:291,13,1,0
BRDA:309,14,0,0
BRDA:309,14,1,0
BRDA:318,15,0,0
BRDA:318,15,1,0
BRDA:318,16,0,0
BRDA:318,16,1,0
BRDA:326,17,0,0
BRDA:326,17,1,0
BRDA:343,18,0,0
BRDA:343,18,1,0
BRDA:359,19,0,0
BRDA:359,19,1,0
BRDA:366,20,0,0
BRDA:366,20,1,0
BRDA:367,21,0,0
BRDA:367,21,1,0
BRDA:372,22,0,0
BRDA:372,22,1,0
BRDA:374,23,0,0
BRDA:374,23,1,0
BRDA:377,24,0,0
BRDA:377,24,1,0
BRF:104
BRH:0
end_of_record
TN:
SF:/usr/local/projects/gor.butler.ui.managerdashboard/src/utilities/codeToString.js
FN:8,codeToString
FNF:1
FNH:0
FNDA:0,codeToString
DA:1,0
DA:10,0
DA:13,0
DA:18,0
DA:20,0
DA:25,0
DA:27,0
DA:31,0
DA:33,0
DA:38,0
DA:40,0
DA:44,0
DA:46,0
DA:50,0
DA:52,0
DA:56,0
DA:58,0
DA:62,0
DA:64,0
DA:68,0
DA:70,0
DA:74,0
DA:76,0
DA:80,0
DA:82,0
DA:86,0
DA:88,0
DA:92,0
DA:94,0
DA:98,0
DA:100,0
DA:104,0
DA:106,0
DA:110,0
DA:112,0
DA:116,0
DA:118,0
DA:122,0
DA:124,0
DA:128,0
DA:130,0
DA:134,0
DA:136,0
DA:140,0
DA:142,0
DA:146,0
DA:148,0
DA:152,0
DA:154,0
DA:158,0
DA:162,0
DA:167,0
LF:52
LH:0
BRDA:10,0,0,0
BRDA:10,0,1,0
BRDA:10,0,2,0
BRDA:10,0,3,0
BRDA:10,0,4,0
BRDA:10,0,5,0
BRDA:10,0,6,0
BRDA:10,0,7,0
BRDA:10,0,8,0
BRDA:10,0,9,0
BRDA:10,0,10,0
BRDA:10,0,11,0
BRDA:10,0,12,0
BRDA:10,0,13,0
BRDA:10,0,14,0
BRDA:10,0,15,0
BRDA:10,0,16,0
BRDA:10,0,17,0
BRDA:10,0,18,0
BRDA:10,0,19,0
BRDA:10,0,20,0
BRDA:10,0,21,0
BRDA:10,0,22,0
BRDA:10,0,23,0
BRDA:10,0,24,0
BRDA:16,1,0,0
BRDA:16,1,1,0
BRDA:16,2,0,0
BRDA:16,2,1,0
BRDA:23,3,0,0
BRDA:23,3,1,0
BRDA:23,4,0,0
BRDA:23,4,1,0
BRDA:36,5,0,0
BRDA:36,5,1,0
BRF:35
BRH:0
end_of_record
TN:
SF:/usr/local/projects/gor.butler.ui.managerdashboard/src/utilities/debounce.js
FN:1,debounce
FN:3,(anonymous_1)
FN:6,(anonymous_2)
FNF:3
FNH:0
FNDA:0,debounce
FNDA:0,(anonymous_1)
FNDA:0,(anonymous_2)
DA:1,0
DA:2,0
DA:3,0
DA:4,0
DA:5,0
DA:6,0
DA:7,0
LF:7
LH:0
BRF:0
BRH:0
end_of_record
TN:
SF:/usr/local/projects/gor.butler.ui.managerdashboard/src/utilities/endSession.js
FN:6,endSession
FNF:1
FNH:0
FNDA:0,endSession
DA:1,0
DA:7,0
DA:8,0
DA:9,0
DA:10,0
LF:5
LH:0
BRF:0
BRH:0
end_of_record
TN:
SF:/usr/local/projects/gor.butler.ui.managerdashboard/src/utilities/fieldCheck.js
FN:145,nameStatus
FN:146,passwordStatus
FN:146,locationStatus
FN:146,skuStatus
FN:146,idStatus
FN:147,emptyField
FNF:6
FNH:0
FNDA:0,nameStatus
FNDA:0,passwordStatus
FNDA:0,locationStatus
FNDA:0,skuStatus
FNDA:0,idStatus
FNDA:0,emptyField
DA:1,0
DA:146,0
DA:147,0
DA:148,0
DA:150,0
DA:157,0
DA:162,0
LF:7
LH:0
BRDA:146,0,0,0
BRDA:146,0,1,0
BRDA:146,1,0,0
BRDA:146,1,1,0
BRDA:146,1,2,0
BRDA:146,1,3,0
BRDA:146,2,0,0
BRDA:146,2,1,0
BRDA:146,3,0,0
BRDA:146,3,1,0
BRDA:146,4,0,0
BRDA:146,4,1,0
BRDA:146,5,0,0
BRDA:146,5,1,0
BRDA:146,6,0,0
BRDA:146,6,1,0
BRDA:146,7,0,0
BRDA:146,7,1,0
BRDA:146,8,0,0
BRDA:146,8,1,0
BRDA:146,9,0,0
BRDA:146,9,1,0
BRDA:146,10,0,0
BRDA:146,10,1,0
BRDA:147,11,0,0
BRDA:147,11,1,0
BRDA:147,12,0,0
BRDA:147,12,1,0
BRDA:147,13,0,0
BRDA:147,13,1,0
BRDA:148,14,0,0
BRDA:148,14,1,0
BRF:32
BRH:0
end_of_record
TN:
SF:/usr/local/projects/gor.butler.ui.managerdashboard/src/utilities/fileResponseParser.js
FN:11,FileResponseParser
FNF:1
FNH:0
FNDA:0,FileResponseParser
DA:1,0
DA:12,0
DA:15,0
DA:16,0
DA:19,0
DA:20,0
DA:23,0
LF:7
LH:0
BRDA:12,0,0,0
BRDA:12,0,1,0
BRDA:12,0,2,0
BRF:3
BRH:0
end_of_record
TN:
SF:/usr/local/projects/gor.butler.ui.managerdashboard/src/utilities/getDaysDiff.js
FN:11,getDaysDiff
FN:11,getSecondsDiff
FNF:2
FNH:0
FNDA:0,getDaysDiff
FNDA:0,getSecondsDiff
DA:1,0
DA:11,0
DA:13,0
DA:14,0
DA:15,0
DA:16,0
DA:17,0
LF:7
LH:0
BRF:0
BRH:0
end_of_record
TN:
SF:/usr/local/projects/gor.butler.ui.managerdashboard/src/utilities/getFormattedMessages.js
FN:5,getFormattedMessages
FNF:1
FNH:0
FNDA:0,getFormattedMessages
DA:1,0
DA:6,0
DA:9,0
DA:11,0
DA:12,0
DA:16,0
DA:20,0
DA:21,0
DA:25,0
DA:30,0
DA:33,0
DA:36,0
DA:39,0
DA:43,0
LF:14
LH:0
BRDA:9,0,0,0
BRDA:9,0,1,0
BRDA:9,0,2,0
BRDA:9,0,3,0
BRDA:9,0,4,0
BRDA:9,0,5,0
BRDA:9,0,6,0
BRDA:11,1,0,0
BRDA:11,1,1,0
BRDA:20,2,0,0
BRDA:20,2,1,0
BRF:11
BRH:0
end_of_record
TN:
SF:/usr/local/projects/gor.butler.ui.managerdashboard/src/utilities/i18n.js
FN:20,_interopRequireDefault
FN:41,(anonymous_1)
FNF:2
FNH:0
FNDA:0,_interopRequireDefault
FNDA:0,(anonymous_1)
DA:1,0
DA:20,0
DA:41,0
DA:42,0
DA:45,0
LF:5
LH:0
BRDA:20,0,0,0
BRDA:20,0,1,0
BRDA:20,1,0,0
BRDA:20,1,1,0
BRDA:41,2,0,0
BRDA:41,2,1,0
BRDA:41,3,0,0
BRDA:41,3,1,0
BRDA:41,4,0,0
BRDA:41,4,1,0
BRDA:41,5,0,0
BRDA:41,5,1,0
BRF:12
BRH:0
end_of_record
TN:
SF:/usr/local/projects/gor.butler.ui.managerdashboard/src/utilities/intialData.js
FNF:0
FNH:0
DA:1,0
DA:3,0
DA:4,0
DA:7,0
LF:4
LH:0
BRF:0
BRH:0
end_of_record
TN:
SF:/usr/local/projects/gor.butler.ui.managerdashboard/src/utilities/mergeTranslations.js
FN:12,(anonymous_0)
FN:18,(anonymous_1)
FN:37,(anonymous_2)
FNF:3
FNH:0
FNDA:0,(anonymous_0)
FNDA:0,(anonymous_1)
FNDA:0,(anonymous_2)
DA:6,0
DA:7,0
DA:8,0
DA:9,0
DA:10,0
DA:12,0
DA:13,0
DA:14,0
DA:15,0
DA:16,0
DA:17,0
DA:18,0
DA:19,0
DA:22,0
DA:23,0
DA:24,0
DA:25,0
DA:26,0
DA:27,0
DA:28,0
DA:31,0
DA:32,0
DA:35,0
DA:36,0
DA:37,0
DA:38,0
DA:39,0
LF:27
LH:0
BRDA:17,0,0,0
BRDA:17,0,1,0
BRDA:17,1,0,0
BRDA:17,1,1,0
BRDA:19,2,0,0
BRDA:19,2,1,0
BRDA:26,3,0,0
BRDA:26,3,1,0
BRDA:31,4,0,0
BRDA:31,4,1,0
BRDA:38,5,0,0
BRDA:38,5,1,0
BRF:12
BRH:0
end_of_record
TN:
SF:/usr/local/projects/gor.butler.ui.managerdashboard/src/utilities/notificationResponseParser.js
FN:5,NotificationResponseParse
FNF:1
FNH:0
FNDA:0,NotificationResponseParse
DA:1,0
DA:7,0
LF:2
LH:0
BRF:0
BRH:0
end_of_record
TN:
SF:/usr/local/projects/gor.butler.ui.managerdashboard/src/utilities/operationLogsResParser.js
FN:5,OLResponseParse
FNF:1
FNH:0
FNDA:0,OLResponseParse
DA:1,0
DA:7,0
LF:2
LH:0
BRF:0
BRH:0
end_of_record
TN:
SF:/usr/local/projects/gor.butler.ui.managerdashboard/src/utilities/processDate.js
FN:8,addDateOffSet
FN:8,getYear
FNF:2
FNH:0
FNDA:0,addDateOffSet
FNDA:0,getYear
DA:1,0
DA:8,0
DA:9,0
DA:10,0
LF:4
LH:0
BRF:0
BRH:0
end_of_record
TN:
SF:/usr/local/projects/gor.butler.ui.managerdashboard/src/utilities/processTime.js
FN:3,secondsToTime
FNF:1
FNH:0
FNDA:0,secondsToTime
DA:1,0
DA:4,0
DA:5,0
DA:6,0
DA:7,0
DA:8,0
DA:10,0
DA:12,0
DA:14,0
DA:15,0
DA:17,0
DA:19,0
LF:12
LH:0
BRDA:10,0,0,0
BRDA:10,0,1,0
BRDA:15,1,0,0
BRDA:15,1,1,0
BRF:4
BRH:0
end_of_record
TN:
SF:/usr/local/projects/gor.butler.ui.managerdashboard/src/utilities/responseParser.js
FN:20,ResponseParse
FNF:1
FNH:0
FNDA:0,ResponseParse
DA:1,0
DA:22,0
DA:25,0
DA:27,0
DA:28,0
DA:29,0
DA:31,0
DA:35,0
DA:36,0
DA:37,0
DA:38,0
DA:40,0
DA:41,0
DA:42,0
DA:43,0
DA:45,0
DA:47,0
DA:49,0
DA:50,0
DA:51,0
DA:53,0
DA:54,0
DA:56,0
DA:57,0
DA:58,0
DA:59,0
DA:61,0
DA:63,0
DA:67,0
DA:68,0
DA:71,0
DA:73,0
DA:74,0
DA:77,0
DA:78,0
DA:81,0
DA:83,0
DA:84,0
DA:86,0
DA:88,0
DA:92,0
DA:93,0
DA:96,0
DA:98,0
DA:100,0
DA:104,0
DA:105,0
DA:106,0
DA:108,0
DA:110,0
DA:111,0
DA:113,0
DA:114,0
DA:116,0
DA:117,0
DA:119,0
DA:120,0
DA:122,0
DA:123,0
DA:125,0
DA:126,0
DA:128,0
DA:130,0
DA:134,0
DA:135,0
DA:137,0
DA:139,0
DA:140,0
DA:142,0
DA:143,0
DA:145,0
DA:146,0
DA:148,0
DA:149,0
DA:151,0
DA:152,0
DA:155,0
DA:156,0
DA:157,0
DA:158,0
DA:160,0
LF:81
LH:0
BRDA:22,0,0,0
BRDA:22,0,1,0
BRDA:27,1,0,0
BRDA:27,1,1,0
BRDA:31,2,0,0
BRDA:31,2,1,0
BRDA:31,2,2,0
BRDA:31,2,3,0
BRDA:31,2,4,0
BRDA:31,2,5,0
BRDA:31,2,6,0
BRDA:31,2,7,0
BRDA:31,2,8,0
BRDA:31,2,9,0
BRDA:31,2,10,0
BRDA:31,2,11,0
BRDA:31,2,12,0
BRDA:31,2,13,0
BRDA:31,2,14,0
BRDA:31,2,15,0
BRDA:31,2,16,0
BRDA:31,2,17,0
BRDA:31,2,18,0
BRDA:31,2,19,0
BRDA:31,2,20,0
BRDA:31,2,21,0
BRDA:31,2,22,0
BRDA:31,2,23,0
BRDA:31,2,24,0
BRDA:61,3,0,0
BRDA:61,3,1,0
BRDA:73,4,0,0
BRDA:73,4,1,0
BRDA:86,5,0,0
BRDA:86,5,1,0
BRDA:98,6,0,0
BRDA:98,6,1,0
BRDA:128,7,0,0
BRDA:128,7,1,0
BRDA:156,8,0,0
BRDA:156,8,1,0
BRF:41
BRH:0
end_of_record
TN:
SF:/usr/local/projects/gor.butler.ui.managerdashboard/src/utilities/showError.js
FN:9,ShowError
FNF:1
FNH:0
FNDA:0,ShowError
DA:1,0
DA:11,0
DA:12,0
DA:15,0
DA:16,0
DA:18,0
DA:20,0
DA:21,0
DA:25,0
DA:27,0
DA:29,0
DA:30,0
DA:32,0
DA:33,0
DA:35,0
DA:36,0
DA:38,0
DA:39,0
DA:41,0
DA:42,0
DA:44,0
DA:45,0
DA:47,0
DA:49,0
DA:50,0
DA:52,0
DA:53,0
DA:55,0
DA:56,0
DA:58,0
DA:59,0
LF:31
LH:0
BRDA:12,0,0,0
BRDA:12,0,1,0
BRDA:12,0,2,0
BRDA:12,0,3,0
BRDA:12,0,4,0
BRDA:12,0,5,0
BRDA:12,0,6,0
BRDA:12,0,7,0
BRDA:12,0,8,0
BRDA:18,1,0,0
BRDA:18,1,1,0
BRDA:49,2,0,0
BRDA:49,2,1,0
BRDA:52,3,0,0
BRDA:52,3,1,0
BRDA:55,4,0,0
BRDA:55,4,1,0
BRDA:58,5,0,0
BRDA:58,5,1,0
BRF:19
BRH:0
end_of_record
TN:
SF:/usr/local/projects/gor.butler.ui.managerdashboard/src/utilities/statusToString.js
FN:6,statusToString
FNF:1
FNH:0
FNDA:0,statusToString
DA:1,0
DA:8,0
DA:11,0
DA:12,0
DA:13,0
DA:14,0
DA:15,0
DA:16,0
DA:18,0
DA:25,0
DA:28,0
DA:29,0
DA:30,0
DA:31,0
DA:32,0
DA:33,0
DA:35,0
DA:42,0
DA:45,0
DA:46,0
DA:53,0
DA:56,0
DA:61,0
LF:23
LH:0
BRDA:8,0,0,0
BRDA:8,0,1,0
BRDA:8,0,2,0
BRDA:8,0,3,0
BRDA:14,1,0,0
BRDA:14,1,1,0
BRDA:31,2,0,0
BRDA:31,2,1,0
BRDA:45,3,0,0
BRDA:45,3,1,0
BRDA:50,4,0,0
BRDA:50,4,1,0
BRF:12
BRH:0
end_of_record
TN:
SF:/usr/local/projects/gor.butler.ui.managerdashboard/src/utilities/utils.js
FN:75,capitalize
FN:81,clamp
FN:85,saveFile
FN:89,mappingArray
FN:89,(anonymous_4)
FN:93,arrayDiff
FN:93,(anonymous_6)
FNF:7
FNH:0
FNDA:0,capitalize
FNDA:0,clamp
FNDA:0,saveFile
FNDA:0,mappingArray
FNDA:0,(anonymous_4)
FNDA:0,arrayDiff
FNDA:0,(anonymous_6)
DA:1,0
DA:75,0
DA:81,0
DA:85,0
DA:89,0
DA:93,0
LF:6
LH:0
BRDA:85,0,0,0
BRDA:85,0,1,0
BRDA:89,1,0,0
BRDA:89,1,1,0
BRDA:89,2,0,0
BRDA:89,2,1,0
BRDA:89,3,0,0
BRDA:89,3,1,0
BRF:8
BRH:0
end_of_record
