TN:
SF:/Users/sourabh.j/git/gor.butler.ui.managerdashboard/src/Tilex.js
FN:,(anonymous_1)
FN:,defineProperties
FN:,(anonymous_3)
FN:,_interopRequireDefault
FN:,_classCallCheck
FN:,_possibleConstructorReturn
FN:,_inherits
FN:,(anonymous_8)
FN:,Tilex
FN:,render
FNF:10
FNH:10
FNDA:1,(anonymous_1)
FNDA:1,defineProperties
FNDA:1,(anonymous_3)
FNDA:2,_interopRequireDefault
FNDA:1,_classCallCheck
FNDA:1,_possibleConstructorReturn
FNDA:1,_inherits
FNDA:1,(anonymous_8)
FNDA:1,Tilex
FNDA:1,render
DA:1,1
DA:2,2
DA:3,1
DA:5,1
DA:7,1
DA:9,1
DA:25,1
LF:7
LH:7
BRDA:,1,0,1
BRDA:,1,1,1
BRDA:,2,0,1
BRDA:,2,1,0
BRDA:,3,0,1
BRDA:,3,1,0
BRDA:,4,0,0
BRDA:,4,1,1
BRDA:,5,0,0
BRDA:,5,1,2
BRDA:,6,0,2
BRDA:,6,1,2
BRDA:,7,0,0
BRDA:,7,1,1
BRDA:,8,0,0
BRDA:,8,1,1
BRDA:,9,0,0
BRDA:,9,1,1
BRDA:,10,0,1
BRDA:,10,1,0
BRDA:,10,2,0
BRDA:,11,0,0
BRDA:,11,1,1
BRDA:,12,0,1
BRDA:,12,1,0
BRDA:,13,0,1
BRDA:,13,1,1
BRDA:,14,0,1
BRDA:,14,1,0
BRDA:,15,0,1
BRDA:,15,1,0
BRF:31
BRH:18
end_of_record
